2025-11-13 19:19:20.691 [info] Started local extension host with pid 23288.
2025-11-13 19:19:27.793 [error] Cannot read properties of undefined (reading 'extensionId'): TypeError: Cannot read properties of undefined (reading 'extensionId')
    at t (vscode-file://vscode-app/usr/share/codium/resources/app/out/vs/workbench/workbench.desktop.main.js:4070:2745)
    at tIt.recommendRemoteExtensionIfNeeded (vscode-file://vscode-app/usr/share/codium/resources/app/out/vs/workbench/workbench.desktop.main.js:4070:3495)
2025-11-13 19:19:28.608 [info] [perf] Render performance baseline is 161ms
2025-11-13 19:28:21.256 [error] Can only set when there is a listener! This is to prevent leaks.: Error: Can only set when there is a listener! This is to prevent leaks.
    at EMt.set (vscode-file://vscode-app/usr/share/codium/resources/app/out/vs/workbench/workbench.desktop.main.js:455:2798)
    at vscode-file://vscode-app/usr/share/codium/resources/app/out/vs/workbench/workbench.desktop.main.js:456:15961
    at Bi (vscode-file://vscode-app/usr/share/codium/resources/app/out/vs/workbench/workbench.desktop.main.js:30:109409)
    at vscode-file://vscode-app/usr/share/codium/resources/app/out/vs/workbench/workbench.desktop.main.js:456:15711
    at async v4e.trigger (vscode-file://vscode-app/usr/share/codium/resources/app/out/vs/workbench/workbench.desktop.main.js:456:43304)
2025-11-13 20:06:59.804 [error] Can only set when there is a listener! This is to prevent leaks.: Error: Can only set when there is a listener! This is to prevent leaks.
    at EMt.set (vscode-file://vscode-app/usr/share/codium/resources/app/out/vs/workbench/workbench.desktop.main.js:455:2798)
    at vscode-file://vscode-app/usr/share/codium/resources/app/out/vs/workbench/workbench.desktop.main.js:456:15961
    at Bi (vscode-file://vscode-app/usr/share/codium/resources/app/out/vs/workbench/workbench.desktop.main.js:30:109409)
    at vscode-file://vscode-app/usr/share/codium/resources/app/out/vs/workbench/workbench.desktop.main.js:456:15711
    at async v4e.trigger (vscode-file://vscode-app/usr/share/codium/resources/app/out/vs/workbench/workbench.desktop.main.js:456:43304)
2025-11-13 20:07:00.314 [error] Can only set when there is a listener! This is to prevent leaks.: Error: Can only set when there is a listener! This is to prevent leaks.
    at EMt.set (vscode-file://vscode-app/usr/share/codium/resources/app/out/vs/workbench/workbench.desktop.main.js:455:2798)
    at p4e.clear (vscode-file://vscode-app/usr/share/codium/resources/app/out/vs/workbench/workbench.desktop.main.js:456:16407)
    at vscode-file://vscode-app/usr/share/codium/resources/app/out/vs/workbench/workbench.desktop.main.js:456:43769
    at cV (vscode-file://vscode-app/usr/share/codium/resources/app/out/vs/workbench/workbench.desktop.main.js:30:109655)
    at v4e.stop (vscode-file://vscode-app/usr/share/codium/resources/app/out/vs/workbench/workbench.desktop.main.js:456:43613)
    at vscode-file://vscode-app/usr/share/codium/resources/app/out/vs/workbench/workbench.desktop.main.js:469:4975
    at Bi (vscode-file://vscode-app/usr/share/codium/resources/app/out/vs/workbench/workbench.desktop.main.js:30:109409)
    at SU._runFn (vscode-file://vscode-app/usr/share/codium/resources/app/out/vs/workbench/workbench.desktop.main.js:469:4966)
    at SU._run (vscode-file://vscode-app/usr/share/codium/resources/app/out/vs/workbench/workbench.desktop.main.js:31:6772)
    at SU.endUpdate (vscode-file://vscode-app/usr/share/codium/resources/app/out/vs/workbench/workbench.desktop.main.js:31:7313)
2025-11-13 21:11:40.931 [error] Can only set when there is a listener! This is to prevent leaks.: Error: Can only set when there is a listener! This is to prevent leaks.
    at EMt.set (vscode-file://vscode-app/usr/share/codium/resources/app/out/vs/workbench/workbench.desktop.main.js:455:2798)
    at vscode-file://vscode-app/usr/share/codium/resources/app/out/vs/workbench/workbench.desktop.main.js:456:15961
    at Bi (vscode-file://vscode-app/usr/share/codium/resources/app/out/vs/workbench/workbench.desktop.main.js:30:109409)
    at vscode-file://vscode-app/usr/share/codium/resources/app/out/vs/workbench/workbench.desktop.main.js:456:15711
    at async v4e.trigger (vscode-file://vscode-app/usr/share/codium/resources/app/out/vs/workbench/workbench.desktop.main.js:456:43304)
2025-11-13 21:11:48.056 [error] Can only set when there is a listener! This is to prevent leaks.: Error: Can only set when there is a listener! This is to prevent leaks.
    at EMt.set (vscode-file://vscode-app/usr/share/codium/resources/app/out/vs/workbench/workbench.desktop.main.js:455:2798)
    at vscode-file://vscode-app/usr/share/codium/resources/app/out/vs/workbench/workbench.desktop.main.js:456:15961
    at Bi (vscode-file://vscode-app/usr/share/codium/resources/app/out/vs/workbench/workbench.desktop.main.js:30:109409)
    at vscode-file://vscode-app/usr/share/codium/resources/app/out/vs/workbench/workbench.desktop.main.js:456:15711
    at async v4e.trigger (vscode-file://vscode-app/usr/share/codium/resources/app/out/vs/workbench/workbench.desktop.main.js:456:43304)
2025-11-13 21:12:00.563 [error] Can only set when there is a listener! This is to prevent leaks.: Error: Can only set when there is a listener! This is to prevent leaks.
    at EMt.set (vscode-file://vscode-app/usr/share/codium/resources/app/out/vs/workbench/workbench.desktop.main.js:455:2798)
    at vscode-file://vscode-app/usr/share/codium/resources/app/out/vs/workbench/workbench.desktop.main.js:456:15961
    at Bi (vscode-file://vscode-app/usr/share/codium/resources/app/out/vs/workbench/workbench.desktop.main.js:30:109409)
    at vscode-file://vscode-app/usr/share/codium/resources/app/out/vs/workbench/workbench.desktop.main.js:456:15711
    at async v4e.trigger (vscode-file://vscode-app/usr/share/codium/resources/app/out/vs/workbench/workbench.desktop.main.js:456:43304)
2025-11-13 21:12:12.255 [error] Can only set when there is a listener! This is to prevent leaks.: Error: Can only set when there is a listener! This is to prevent leaks.
    at EMt.set (vscode-file://vscode-app/usr/share/codium/resources/app/out/vs/workbench/workbench.desktop.main.js:455:2798)
    at vscode-file://vscode-app/usr/share/codium/resources/app/out/vs/workbench/workbench.desktop.main.js:456:15961
    at Bi (vscode-file://vscode-app/usr/share/codium/resources/app/out/vs/workbench/workbench.desktop.main.js:30:109409)
    at vscode-file://vscode-app/usr/share/codium/resources/app/out/vs/workbench/workbench.desktop.main.js:456:15711
    at async v4e.trigger (vscode-file://vscode-app/usr/share/codium/resources/app/out/vs/workbench/workbench.desktop.main.js:456:43304)
2025-11-13 21:12:13.877 [error] Can only set when there is a listener! This is to prevent leaks.: Error: Can only set when there is a listener! This is to prevent leaks.
    at EMt.set (vscode-file://vscode-app/usr/share/codium/resources/app/out/vs/workbench/workbench.desktop.main.js:455:2798)
    at vscode-file://vscode-app/usr/share/codium/resources/app/out/vs/workbench/workbench.desktop.main.js:456:15961
    at Bi (vscode-file://vscode-app/usr/share/codium/resources/app/out/vs/workbench/workbench.desktop.main.js:30:109409)
    at vscode-file://vscode-app/usr/share/codium/resources/app/out/vs/workbench/workbench.desktop.main.js:456:15711
    at async v4e.trigger (vscode-file://vscode-app/usr/share/codium/resources/app/out/vs/workbench/workbench.desktop.main.js:456:43304)
2025-11-13 21:12:15.046 [error] Can only set when there is a listener! This is to prevent leaks.: Error: Can only set when there is a listener! This is to prevent leaks.
    at EMt.set (vscode-file://vscode-app/usr/share/codium/resources/app/out/vs/workbench/workbench.desktop.main.js:455:2798)
    at vscode-file://vscode-app/usr/share/codium/resources/app/out/vs/workbench/workbench.desktop.main.js:456:15961
    at Bi (vscode-file://vscode-app/usr/share/codium/resources/app/out/vs/workbench/workbench.desktop.main.js:30:109409)
    at vscode-file://vscode-app/usr/share/codium/resources/app/out/vs/workbench/workbench.desktop.main.js:456:15711
    at async v4e.trigger (vscode-file://vscode-app/usr/share/codium/resources/app/out/vs/workbench/workbench.desktop.main.js:456:43304)
2025-11-13 21:12:16.636 [error] Can only set when there is a listener! This is to prevent leaks.: Error: Can only set when there is a listener! This is to prevent leaks.
    at EMt.set (vscode-file://vscode-app/usr/share/codium/resources/app/out/vs/workbench/workbench.desktop.main.js:455:2798)
    at vscode-file://vscode-app/usr/share/codium/resources/app/out/vs/workbench/workbench.desktop.main.js:456:15961
    at Bi (vscode-file://vscode-app/usr/share/codium/resources/app/out/vs/workbench/workbench.desktop.main.js:30:109409)
    at vscode-file://vscode-app/usr/share/codium/resources/app/out/vs/workbench/workbench.desktop.main.js:456:15711
    at async v4e.trigger (vscode-file://vscode-app/usr/share/codium/resources/app/out/vs/workbench/workbench.desktop.main.js:456:43304)
