2025-11-13 19:16:45.026 [info] Reading sessions from keychain...
2025-11-13 19:16:45.026 [info] Getting sessions for all scopes...
2025-11-13 19:16:45.026 [info] Got stored sessions!
2025-11-13 19:16:45.026 [info] Got 1 verified sessions.
2025-11-13 19:16:45.026 [info] Got 1 sessions for ...
2025-11-13 19:16:45.026 [info] Getting sessions for all scopes...
2025-11-13 19:16:45.026 [info] Got 1 sessions for ...
2025-11-13 19:16:45.026 [info] Getting sessions for all scopes...
2025-11-13 19:16:45.026 [info] Got 1 sessions for ...
2025-11-13 19:16:45.026 [info] Getting sessions for read:user,repo,user:email,workflow...
2025-11-13 19:16:45.026 [info] Got 1 sessions for read:user,repo,user:email,workflow...
2025-11-13 19:16:45.921 [info] Getting sessions for all scopes...
2025-11-13 19:16:45.921 [info] Got 1 sessions for ...
2025-11-13 19:16:45.922 [info] Getting sessions for all scopes...
2025-11-13 19:16:45.922 [info] Got 1 sessions for ...
2025-11-13 19:16:45.930 [info] Getting sessions for all scopes...
2025-11-13 19:16:45.930 [info] Got 1 sessions for ...
2025-11-13 19:18:21.249 [info] Reading sessions from keychain...
2025-11-13 19:18:21.249 [info] Getting sessions for all scopes...
2025-11-13 19:18:21.257 [info] Got stored sessions!
2025-11-13 19:18:21.257 [info] Got 1 verified sessions.
2025-11-13 19:18:21.258 [info] Got 1 sessions for ...
2025-11-13 19:18:21.258 [info] Getting sessions for all scopes...
2025-11-13 19:18:21.258 [info] Got 1 sessions for ...
2025-11-13 19:18:21.258 [info] Getting sessions for all scopes...
2025-11-13 19:18:21.258 [info] Got 1 sessions for ...
2025-11-13 19:18:21.259 [info] Getting sessions for read:user,repo,user:email,workflow...
2025-11-13 19:18:21.260 [info] Got 1 sessions for read:user,repo,user:email,workflow...
2025-11-13 19:18:21.384 [info] Getting sessions for all scopes...
2025-11-13 19:18:21.384 [info] Got 1 sessions for ...
2025-11-13 19:18:21.385 [info] Getting sessions for all scopes...
2025-11-13 19:18:21.385 [info] Got 1 sessions for ...
2025-11-13 19:18:21.386 [info] Getting sessions for all scopes...
2025-11-13 19:18:21.386 [info] Got 1 sessions for ...
