2025-11-12 19:17:42.078 [info] [main] Log level: Info
2025-11-12 19:17:42.078 [info] [main] Validating found git in: "git"
2025-11-12 19:17:42.078 [info] [main] Using git "2.51.1" from "git"
2025-11-12 19:17:42.078 [info] [Model][doInitialScan] Initial repository scan started
2025-11-12 19:17:42.078 [info] > git rev-parse --show-toplevel [11ms]
2025-11-12 19:17:42.079 [info] fatal: not a git repository (or any parent up to mount point /)
Stopping at filesystem boundary (GIT_DISCOVERY_ACROSS_FILESYSTEM not set).
2025-11-12 19:17:42.079 [info] > git rev-parse --show-toplevel [21ms]
2025-11-12 19:17:42.079 [info] fatal: not a git repository (or any parent up to mount point /)
Stopping at filesystem boundary (GIT_DISCOVERY_ACROSS_FILESYSTEM not set).
2025-11-12 19:17:42.079 [info] > git rev-parse --show-toplevel [10ms]
2025-11-12 19:17:42.079 [info] fatal: not a git repository (or any parent up to mount point /)
Stopping at filesystem boundary (GIT_DISCOVERY_ACROSS_FILESYSTEM not set).
2025-11-12 19:17:42.079 [info] > git rev-parse --show-toplevel [9ms]
2025-11-12 19:17:42.079 [info] fatal: not a git repository (or any parent up to mount point /)
Stopping at filesystem boundary (GIT_DISCOVERY_ACROSS_FILESYSTEM not set).
2025-11-12 19:17:42.079 [info] [Model][doInitialScan] Initial repository scan completed - repositories (0), closed repositories (0), parent repositories (0), unsafe repositories (0)
2025-11-12 19:17:43.177 [info] > git rev-parse --show-toplevel [210ms]
2025-11-12 19:17:43.178 [info] fatal: not a git repository (or any parent up to mount point /)
Stopping at filesystem boundary (GIT_DISCOVERY_ACROSS_FILESYSTEM not set).
2025-11-12 19:17:43.227 [info] > git rev-parse --show-toplevel [18ms]
2025-11-12 19:17:43.227 [info] fatal: not a git repository (or any parent up to mount point /)
Stopping at filesystem boundary (GIT_DISCOVERY_ACROSS_FILESYSTEM not set).
2025-11-12 19:17:43.240 [info] > git rev-parse --show-toplevel [5ms]
2025-11-12 19:17:43.240 [info] fatal: not a git repository (or any parent up to mount point /)
Stopping at filesystem boundary (GIT_DISCOVERY_ACROSS_FILESYSTEM not set).
2025-11-12 19:17:44.672 [info] > git rev-parse --show-toplevel [13ms]
2025-11-12 19:17:44.672 [info] fatal: not a git repository (or any parent up to mount point /)
Stopping at filesystem boundary (GIT_DISCOVERY_ACROSS_FILESYSTEM not set).
2025-11-12 19:17:44.821 [info] > git rev-parse --show-toplevel [6ms]
2025-11-12 19:17:44.821 [info] fatal: not a git repository (or any parent up to mount point /)
Stopping at filesystem boundary (GIT_DISCOVERY_ACROSS_FILESYSTEM not set).
2025-11-12 19:17:50.625 [info] [main] Log level: Info
2025-11-12 19:17:50.625 [info] [main] Validating found git in: "git"
2025-11-12 19:17:50.625 [info] [main] Using git "2.51.1" from "git"
2025-11-12 19:17:50.625 [info] [Model][doInitialScan] Initial repository scan started
2025-11-12 19:17:50.625 [info] > git rev-parse --show-toplevel [13ms]
2025-11-12 19:17:50.625 [info] fatal: not a git repository (or any parent up to mount point /)
Stopping at filesystem boundary (GIT_DISCOVERY_ACROSS_FILESYSTEM not set).
2025-11-12 19:17:50.625 [info] [Model][doInitialScan] Initial repository scan completed - repositories (0), closed repositories (0), parent repositories (0), unsafe repositories (0)
2025-11-12 19:17:51.195 [info] > git rev-parse --show-toplevel [4ms]
2025-11-12 19:17:51.195 [info] fatal: not a git repository (or any parent up to mount point /)
Stopping at filesystem boundary (GIT_DISCOVERY_ACROSS_FILESYSTEM not set).
2025-11-12 19:18:32.514 [info] > git rev-parse --show-toplevel [7ms]
2025-11-12 19:18:32.514 [info] fatal: not a git repository (or any parent up to mount point /)
Stopping at filesystem boundary (GIT_DISCOVERY_ACROSS_FILESYSTEM not set).
2025-11-12 19:18:33.274 [info] > git rev-parse --show-toplevel [1ms]
2025-11-12 19:18:33.274 [info] fatal: not a git repository (or any parent up to mount point /)
Stopping at filesystem boundary (GIT_DISCOVERY_ACROSS_FILESYSTEM not set).
2025-11-12 19:18:51.757 [info] > git rev-parse --show-toplevel [3ms]
2025-11-12 19:18:51.757 [info] fatal: not a git repository (or any parent up to mount point /)
Stopping at filesystem boundary (GIT_DISCOVERY_ACROSS_FILESYSTEM not set).
2025-11-12 19:19:34.392 [info] > git rev-parse --show-toplevel [3ms]
2025-11-12 19:19:34.392 [info] fatal: not a git repository (or any parent up to mount point /)
Stopping at filesystem boundary (GIT_DISCOVERY_ACROSS_FILESYSTEM not set).
2025-11-12 19:22:25.831 [info] > git rev-parse --show-toplevel [6ms]
2025-11-12 19:22:25.831 [info] fatal: not a git repository (or any parent up to mount point /)
Stopping at filesystem boundary (GIT_DISCOVERY_ACROSS_FILESYSTEM not set).
2025-11-12 19:25:07.220 [info] > git rev-parse --show-toplevel [2ms]
2025-11-12 19:25:07.220 [info] fatal: not a git repository (or any parent up to mount point /)
Stopping at filesystem boundary (GIT_DISCOVERY_ACROSS_FILESYSTEM not set).
2025-11-12 19:25:10.765 [info] > git rev-parse --show-toplevel [8ms]
2025-11-12 19:25:10.765 [info] fatal: not a git repository (or any parent up to mount point /)
Stopping at filesystem boundary (GIT_DISCOVERY_ACROSS_FILESYSTEM not set).
2025-11-12 19:25:15.682 [info] > git rev-parse --show-toplevel [5ms]
2025-11-12 19:25:15.682 [info] fatal: not a git repository (or any parent up to mount point /)
Stopping at filesystem boundary (GIT_DISCOVERY_ACROSS_FILESYSTEM not set).
2025-11-12 19:25:43.773 [warning] [Model][getRepositoryExact] Failed to get repository realpath for: "/home/nkkkta/Documents/codebase/codeigniter-test/vendor/composer/461e2c81/bovigo-vfsStream-fe695ec/". Error:Error: ENOENT: no such file or directory, realpath '/home/nkkkta/Documents/codebase/codeigniter-test/vendor/composer/461e2c81/bovigo-vfsStream-fe695ec/'
2025-11-12 19:25:43.781 [warning] [Model][getRepositoryExact] Failed to get repository realpath for: "/home/nkkkta/Documents/codebase/codeigniter-test/vendor/composer/e440ddbf/phar-io-manifest-54750ef/". Error:Error: ENOENT: no such file or directory, realpath '/home/nkkkta/Documents/codebase/codeigniter-test/vendor/composer/e440ddbf/phar-io-manifest-54750ef/'
2025-11-12 19:26:38.825 [info] > git rev-parse --show-toplevel [2ms]
2025-11-12 19:26:38.825 [info] fatal: not a git repository (or any parent up to mount point /)
Stopping at filesystem boundary (GIT_DISCOVERY_ACROSS_FILESYSTEM not set).
2025-11-12 19:26:50.639 [info] > git rev-parse --show-toplevel [7ms]
2025-11-12 19:26:50.640 [info] fatal: not a git repository (or any parent up to mount point /)
Stopping at filesystem boundary (GIT_DISCOVERY_ACROSS_FILESYSTEM not set).
2025-11-12 19:31:23.810 [info] > git rev-parse --show-toplevel [5ms]
2025-11-12 19:31:23.810 [info] fatal: not a git repository (or any parent up to mount point /)
Stopping at filesystem boundary (GIT_DISCOVERY_ACROSS_FILESYSTEM not set).
2025-11-12 19:31:34.885 [info] > git rev-parse --show-toplevel [4ms]
2025-11-12 19:31:34.885 [info] fatal: not a git repository (or any parent up to mount point /)
Stopping at filesystem boundary (GIT_DISCOVERY_ACROSS_FILESYSTEM not set).
2025-11-12 19:33:22.129 [info] > git rev-parse --show-toplevel [4ms]
2025-11-12 19:33:22.130 [info] fatal: not a git repository (or any parent up to mount point /)
Stopping at filesystem boundary (GIT_DISCOVERY_ACROSS_FILESYSTEM not set).
2025-11-12 19:34:10.594 [info] > git rev-parse --show-toplevel [6ms]
2025-11-12 19:34:10.594 [info] fatal: not a git repository (or any parent up to mount point /)
Stopping at filesystem boundary (GIT_DISCOVERY_ACROSS_FILESYSTEM not set).
2025-11-12 19:34:11.794 [info] > git rev-parse --show-toplevel [3ms]
2025-11-12 19:34:11.794 [info] fatal: not a git repository (or any parent up to mount point /)
Stopping at filesystem boundary (GIT_DISCOVERY_ACROSS_FILESYSTEM not set).
2025-11-12 19:35:31.222 [info] > git rev-parse --show-toplevel [2ms]
2025-11-12 19:35:31.222 [info] fatal: not a git repository (or any parent up to mount point /)
Stopping at filesystem boundary (GIT_DISCOVERY_ACROSS_FILESYSTEM not set).
2025-11-12 19:38:04.968 [info] > git rev-parse --show-toplevel [2ms]
2025-11-12 19:38:04.968 [info] fatal: not a git repository (or any parent up to mount point /)
Stopping at filesystem boundary (GIT_DISCOVERY_ACROSS_FILESYSTEM not set).
2025-11-12 19:38:33.786 [info] > git rev-parse --show-toplevel [3ms]
2025-11-12 19:38:33.786 [info] fatal: not a git repository (or any parent up to mount point /)
Stopping at filesystem boundary (GIT_DISCOVERY_ACROSS_FILESYSTEM not set).
2025-11-12 19:38:39.064 [info] > git rev-parse --show-toplevel [10ms]
2025-11-12 19:38:39.064 [info] fatal: not a git repository (or any parent up to mount point /)
Stopping at filesystem boundary (GIT_DISCOVERY_ACROSS_FILESYSTEM not set).
2025-11-12 19:41:02.932 [info] > git rev-parse --show-toplevel [3ms]
2025-11-12 19:41:02.932 [info] fatal: not a git repository (or any parent up to mount point /)
Stopping at filesystem boundary (GIT_DISCOVERY_ACROSS_FILESYSTEM not set).
2025-11-12 19:41:08.957 [info] > git rev-parse --show-toplevel [6ms]
2025-11-12 19:41:08.957 [info] fatal: not a git repository (or any parent up to mount point /)
Stopping at filesystem boundary (GIT_DISCOVERY_ACROSS_FILESYSTEM not set).
2025-11-12 19:41:12.956 [info] > git rev-parse --show-toplevel [4ms]
2025-11-12 19:41:12.956 [info] fatal: not a git repository (or any parent up to mount point /)
Stopping at filesystem boundary (GIT_DISCOVERY_ACROSS_FILESYSTEM not set).
2025-11-12 19:41:14.176 [info] > git rev-parse --show-toplevel [6ms]
2025-11-12 19:41:14.176 [info] fatal: not a git repository (or any parent up to mount point /)
Stopping at filesystem boundary (GIT_DISCOVERY_ACROSS_FILESYSTEM not set).
2025-11-12 19:41:16.407 [info] > git rev-parse --show-toplevel [5ms]
2025-11-12 19:41:16.407 [info] fatal: not a git repository (or any parent up to mount point /)
Stopping at filesystem boundary (GIT_DISCOVERY_ACROSS_FILESYSTEM not set).
2025-11-12 19:41:23.491 [info] > git rev-parse --show-toplevel [10ms]
2025-11-12 19:41:23.491 [info] fatal: not a git repository (or any parent up to mount point /)
Stopping at filesystem boundary (GIT_DISCOVERY_ACROSS_FILESYSTEM not set).
2025-11-12 19:42:09.376 [info] > git rev-parse --show-toplevel [3ms]
2025-11-12 19:42:09.376 [info] fatal: not a git repository (or any parent up to mount point /)
Stopping at filesystem boundary (GIT_DISCOVERY_ACROSS_FILESYSTEM not set).
2025-11-12 19:42:24.501 [info] > git rev-parse --show-toplevel [7ms]
2025-11-12 19:42:24.502 [info] fatal: not a git repository (or any parent up to mount point /)
Stopping at filesystem boundary (GIT_DISCOVERY_ACROSS_FILESYSTEM not set).
2025-11-12 19:45:40.565 [info] > git rev-parse --show-toplevel [5ms]
2025-11-12 19:45:40.565 [info] fatal: not a git repository (or any parent up to mount point /)
Stopping at filesystem boundary (GIT_DISCOVERY_ACROSS_FILESYSTEM not set).
2025-11-12 19:45:50.554 [info] > git rev-parse --show-toplevel [7ms]
2025-11-12 19:45:50.554 [info] fatal: not a git repository (or any parent up to mount point /)
Stopping at filesystem boundary (GIT_DISCOVERY_ACROSS_FILESYSTEM not set).
2025-11-12 19:45:53.861 [info] > git rev-parse --show-toplevel [6ms]
2025-11-12 19:45:53.861 [info] fatal: not a git repository (or any parent up to mount point /)
Stopping at filesystem boundary (GIT_DISCOVERY_ACROSS_FILESYSTEM not set).
2025-11-12 19:46:41.230 [info] > git rev-parse --show-toplevel [2ms]
2025-11-12 19:46:41.230 [info] fatal: not a git repository (or any parent up to mount point /)
Stopping at filesystem boundary (GIT_DISCOVERY_ACROSS_FILESYSTEM not set).
2025-11-12 19:46:52.193 [info] > git rev-parse --show-toplevel [6ms]
2025-11-12 19:46:52.193 [info] fatal: not a git repository (or any parent up to mount point /)
Stopping at filesystem boundary (GIT_DISCOVERY_ACROSS_FILESYSTEM not set).
2025-11-12 19:46:52.737 [info] > git rev-parse --show-toplevel [8ms]
2025-11-12 19:46:52.737 [info] fatal: not a git repository (or any parent up to mount point /)
Stopping at filesystem boundary (GIT_DISCOVERY_ACROSS_FILESYSTEM not set).
2025-11-12 19:47:05.355 [info] > git rev-parse --show-toplevel [6ms]
2025-11-12 19:47:05.355 [info] fatal: not a git repository (or any parent up to mount point /)
Stopping at filesystem boundary (GIT_DISCOVERY_ACROSS_FILESYSTEM not set).
2025-11-12 19:47:13.975 [info] > git rev-parse --show-toplevel [4ms]
2025-11-12 19:47:13.975 [info] fatal: not a git repository (or any parent up to mount point /)
Stopping at filesystem boundary (GIT_DISCOVERY_ACROSS_FILESYSTEM not set).
2025-11-12 19:47:26.768 [info] > git rev-parse --show-toplevel [7ms]
2025-11-12 19:47:26.768 [info] fatal: not a git repository (or any parent up to mount point /)
Stopping at filesystem boundary (GIT_DISCOVERY_ACROSS_FILESYSTEM not set).
2025-11-12 19:47:32.778 [info] > git rev-parse --show-toplevel [3ms]
2025-11-12 19:47:32.778 [info] fatal: not a git repository (or any parent up to mount point /)
Stopping at filesystem boundary (GIT_DISCOVERY_ACROSS_FILESYSTEM not set).
2025-11-12 19:47:35.426 [info] > git rev-parse --show-toplevel [5ms]
2025-11-12 19:47:35.426 [info] fatal: not a git repository (or any parent up to mount point /)
Stopping at filesystem boundary (GIT_DISCOVERY_ACROSS_FILESYSTEM not set).
2025-11-12 19:48:02.857 [info] > git rev-parse --show-toplevel [2ms]
2025-11-12 19:48:02.857 [info] fatal: not a git repository (or any parent up to mount point /)
Stopping at filesystem boundary (GIT_DISCOVERY_ACROSS_FILESYSTEM not set).
2025-11-12 19:48:13.197 [info] > git rev-parse --show-toplevel [6ms]
2025-11-12 19:48:13.197 [info] fatal: not a git repository (or any parent up to mount point /)
Stopping at filesystem boundary (GIT_DISCOVERY_ACROSS_FILESYSTEM not set).
2025-11-12 19:48:27.276 [info] > git rev-parse --show-toplevel [3ms]
2025-11-12 19:48:27.276 [info] fatal: not a git repository (or any parent up to mount point /)
Stopping at filesystem boundary (GIT_DISCOVERY_ACROSS_FILESYSTEM not set).
2025-11-12 19:50:07.187 [info] > git rev-parse --show-toplevel [7ms]
2025-11-12 19:50:07.187 [info] fatal: not a git repository (or any parent up to mount point /)
Stopping at filesystem boundary (GIT_DISCOVERY_ACROSS_FILESYSTEM not set).
2025-11-12 19:50:07.205 [info] > git rev-parse --show-toplevel [7ms]
2025-11-12 19:50:07.205 [info] fatal: not a git repository (or any parent up to mount point /)
Stopping at filesystem boundary (GIT_DISCOVERY_ACROSS_FILESYSTEM not set).
2025-11-12 19:50:07.219 [info] > git rev-parse --show-toplevel [4ms]
2025-11-12 19:50:07.219 [info] fatal: not a git repository (or any parent up to mount point /)
Stopping at filesystem boundary (GIT_DISCOVERY_ACROSS_FILESYSTEM not set).
2025-11-12 19:50:07.229 [info] > git rev-parse --show-toplevel [2ms]
2025-11-12 19:50:07.229 [info] fatal: not a git repository (or any parent up to mount point /)
Stopping at filesystem boundary (GIT_DISCOVERY_ACROSS_FILESYSTEM not set).
2025-11-12 19:57:51.718 [info] > git rev-parse --show-toplevel [7ms]
2025-11-12 19:57:51.718 [info] fatal: not a git repository (or any parent up to mount point /)
Stopping at filesystem boundary (GIT_DISCOVERY_ACROSS_FILESYSTEM not set).
2025-11-12 19:57:56.694 [info] > git rev-parse --show-toplevel [2ms]
2025-11-12 19:57:56.694 [info] fatal: not a git repository (or any parent up to mount point /)
Stopping at filesystem boundary (GIT_DISCOVERY_ACROSS_FILESYSTEM not set).
2025-11-12 20:02:52.508 [info] > git rev-parse --show-toplevel [6ms]
2025-11-12 20:02:52.511 [info] fatal: not a git repository (or any parent up to mount point /)
Stopping at filesystem boundary (GIT_DISCOVERY_ACROSS_FILESYSTEM not set).
2025-11-12 20:03:44.958 [info] > git rev-parse --show-toplevel [3ms]
2025-11-12 20:03:44.958 [info] fatal: not a git repository (or any parent up to mount point /)
Stopping at filesystem boundary (GIT_DISCOVERY_ACROSS_FILESYSTEM not set).
2025-11-12 20:13:46.695 [info] > git rev-parse --show-toplevel [2ms]
2025-11-12 20:13:46.695 [info] fatal: not a git repository (or any parent up to mount point /)
Stopping at filesystem boundary (GIT_DISCOVERY_ACROSS_FILESYSTEM not set).
2025-11-12 20:14:17.360 [info] > git rev-parse --show-toplevel [6ms]
2025-11-12 20:14:17.360 [info] fatal: not a git repository (or any parent up to mount point /)
Stopping at filesystem boundary (GIT_DISCOVERY_ACROSS_FILESYSTEM not set).
2025-11-12 20:16:33.959 [info] > git rev-parse --show-toplevel [7ms]
2025-11-12 20:16:33.959 [info] fatal: not a git repository (or any parent up to mount point /)
Stopping at filesystem boundary (GIT_DISCOVERY_ACROSS_FILESYSTEM not set).
2025-11-12 20:16:35.551 [info] > git rev-parse --show-toplevel [4ms]
2025-11-12 20:16:35.551 [info] fatal: not a git repository (or any parent up to mount point /)
Stopping at filesystem boundary (GIT_DISCOVERY_ACROSS_FILESYSTEM not set).
2025-11-12 20:16:38.477 [info] > git rev-parse --show-toplevel [8ms]
2025-11-12 20:16:38.477 [info] fatal: not a git repository (or any parent up to mount point /)
Stopping at filesystem boundary (GIT_DISCOVERY_ACROSS_FILESYSTEM not set).
2025-11-12 20:16:42.725 [info] > git rev-parse --show-toplevel [4ms]
2025-11-12 20:16:42.725 [info] fatal: not a git repository (or any parent up to mount point /)
Stopping at filesystem boundary (GIT_DISCOVERY_ACROSS_FILESYSTEM not set).
2025-11-12 20:16:59.649 [info] > git rev-parse --show-toplevel [6ms]
2025-11-12 20:16:59.649 [info] fatal: not a git repository (or any parent up to mount point /)
Stopping at filesystem boundary (GIT_DISCOVERY_ACROSS_FILESYSTEM not set).
2025-11-12 20:17:09.433 [info] > git rev-parse --show-toplevel [4ms]
2025-11-12 20:17:09.435 [info] fatal: not a git repository (or any parent up to mount point /)
Stopping at filesystem boundary (GIT_DISCOVERY_ACROSS_FILESYSTEM not set).
2025-11-12 20:19:45.254 [info] > git rev-parse --show-toplevel [8ms]
2025-11-12 20:19:45.256 [info] fatal: not a git repository (or any parent up to mount point /)
Stopping at filesystem boundary (GIT_DISCOVERY_ACROSS_FILESYSTEM not set).
2025-11-12 20:19:47.538 [info] > git rev-parse --show-toplevel [6ms]
2025-11-12 20:19:47.538 [info] fatal: not a git repository (or any parent up to mount point /)
Stopping at filesystem boundary (GIT_DISCOVERY_ACROSS_FILESYSTEM not set).
2025-11-12 20:22:18.289 [info] > git rev-parse --show-toplevel [8ms]
2025-11-12 20:22:18.289 [info] fatal: not a git repository (or any parent up to mount point /)
Stopping at filesystem boundary (GIT_DISCOVERY_ACROSS_FILESYSTEM not set).
2025-11-12 20:23:04.479 [info] > git rev-parse --show-toplevel [23ms]
2025-11-12 20:23:04.479 [info] fatal: not a git repository (or any parent up to mount point /)
Stopping at filesystem boundary (GIT_DISCOVERY_ACROSS_FILESYSTEM not set).
2025-11-12 20:24:30.024 [info] > git rev-parse --show-toplevel [6ms]
2025-11-12 20:24:30.024 [info] fatal: not a git repository (or any parent up to mount point /)
Stopping at filesystem boundary (GIT_DISCOVERY_ACROSS_FILESYSTEM not set).
2025-11-12 20:37:41.890 [warning] [Model][getRepositoryExact] Failed to get repository realpath for: "/home/nkkkta/Documents/codebase/codeigniter-test". Error:Error: ENOENT: no such file or directory, realpath '/home/nkkkta/Documents/codebase/codeigniter-test'
