2025-11-12 19:17:37.564 [info] Revived process, old id 42e1ef6a362801b7709f93541209028e-2 -> new id 1
2025-11-12 19:17:37.567 [info] Revived process, old id 42e1ef6a362801b7709f93541209028e-3 -> new id 2
2025-11-12 19:17:38.436 [info] Expanding terminal instance, old id 42e1ef6a362801b7709f93541209028e-2 -> new id 1
2025-11-12 19:17:38.437 [info] Expanding terminal instance, old id 42e1ef6a362801b7709f93541209028e-3 -> new id 2
2025-11-12 19:17:39.390 [warning] Persistent process "1": Process had no disconnect runners but was an orphan
2025-11-12 19:17:39.390 [info] Persistent process reconnection "1"
2025-11-12 19:17:39.393 [warning] Persistent process "2": Process had no disconnect runners but was an orphan
2025-11-12 19:17:39.393 [info] Persistent process reconnection "2"
2025-11-12 19:17:39.420 [error] Failed to create zdotdir at /tmp/nkkkta-codium-zsh: Error: EEXIST: file already exists, mkdir '/tmp/nkkkta-codium-zsh'
2025-11-12 19:17:39.447 [error] Failed to set sticky bit on /tmp/nkkkta-codium-zsh: Error: ENOENT: no such file or directory, chmod '/tmp/nkkkta-codium-zsh'
2025-11-12 19:17:39.589 [info] Persistent process "2": Replaying 11585 chars and 1 size events
2025-11-12 19:17:39.600 [info] Persistent process "1": Replaying 3797 chars and 1 size events
2025-11-12 19:29:37.663 [info] Revived process, old id bbd367b7bb6e979a8a46007ee5469fd5-1 -> new id 5
2025-11-12 19:29:37.665 [info] Revived process, old id bbd367b7bb6e979a8a46007ee5469fd5-2 -> new id 6
2025-11-12 19:29:38.405 [info] Expanding terminal instance, old id bbd367b7bb6e979a8a46007ee5469fd5-1 -> new id 5
2025-11-12 19:29:38.405 [info] Expanding terminal instance, old id bbd367b7bb6e979a8a46007ee5469fd5-2 -> new id 6
2025-11-12 19:29:40.747 [warning] Persistent process "5": Process had no disconnect runners but was an orphan
2025-11-12 19:29:40.747 [info] Persistent process reconnection "5"
2025-11-12 19:29:40.748 [warning] Persistent process "6": Process had no disconnect runners but was an orphan
2025-11-12 19:29:40.748 [info] Persistent process reconnection "6"
2025-11-12 19:29:40.871 [info] Persistent process "5": Replaying 13188 chars and 1 size events
2025-11-12 19:29:40.945 [info] Persistent process "6": Replaying 14510 chars and 1 size events
