2025-11-12 20:19:17.054 [info] [main] Log level: Info
2025-11-12 20:19:17.054 [info] [main] Validating found git in: "git"
2025-11-12 20:19:17.054 [info] [main] Using git "2.51.1" from "git"
2025-11-12 20:19:17.054 [info] [Model][doInitialScan] Initial repository scan started
2025-11-12 20:19:17.054 [info] > git rev-parse --show-toplevel [10ms]
2025-11-12 20:19:17.054 [info] > git rev-parse --git-dir --git-common-dir --show-superproject-working-tree [36ms]
2025-11-12 20:19:17.054 [info] [Model][openRepository] Opened repository (path): /home/nkkkta/Documents/codebase/work/kentavr
2025-11-12 20:19:17.054 [info] [Model][openRepository] Opened repository (real path): /home/nkkkta/Documents/codebase/work/kentavr
2025-11-12 20:19:17.054 [info] [Model][openRepository] Opened repository (kind): repository
2025-11-12 20:19:17.054 [info] > git rev-parse --show-toplevel [93ms]
2025-11-12 20:19:17.054 [info] > git config --get commit.template [111ms]
2025-11-12 20:19:17.054 [info] > git rev-parse --show-toplevel [63ms]
2025-11-12 20:19:17.082 [info] > git rev-parse --show-toplevel [8ms]
2025-11-12 20:19:17.115 [info] > git for-each-ref --format=%(refname)%00%(upstream:short)%00%(objectname)%00%(upstream:track)%00%(upstream:remotename)%00%(upstream:remoteref) refs/heads/main refs/remotes/main [86ms]
2025-11-12 20:19:17.138 [warning] [Git][revParse] Unable to read file: ENOENT: no such file or directory, open '/home/nkkkta/Documents/codebase/work/kentavr/.git/refs/remotes/origin/main'
2025-11-12 20:19:17.141 [info] > git rev-parse --show-toplevel [33ms]
2025-11-12 20:19:17.164 [info] > git rev-parse refs/remotes/origin/main [26ms]
2025-11-12 20:19:17.231 [info] > git rev-parse --show-toplevel [68ms]
2025-11-12 20:19:17.237 [info] [Model][doInitialScan] Initial repository scan completed - repositories (1), closed repositories (0), parent repositories (0), unsafe repositories (0)
2025-11-12 20:19:17.243 [info] > git for-each-ref --sort -committerdate --format %(refname)%00%(objectname)%00%(*objectname) [19ms]
2025-11-12 20:19:18.444 [info] > git status -z -uall [1255ms]
2025-11-12 20:19:18.444 [info] > git check-ignore -v -z --stdin [816ms]
2025-11-12 20:19:18.691 [info] > git for-each-ref --format=%(refname)%00%(upstream:short)%00%(objectname)%00%(upstream:track)%00%(upstream:remotename)%00%(upstream:remoteref) refs/heads/main refs/remotes/main [168ms]
2025-11-12 20:19:18.726 [info] > git config --get --local branch.main.vscode-merge-base [29ms]
2025-11-12 20:19:18.733 [info] > git config --get commit.template [59ms]
2025-11-12 20:19:18.764 [info] > git for-each-ref --format=%(refname)%00%(upstream:short)%00%(objectname)%00%(upstream:track)%00%(upstream:remotename)%00%(upstream:remoteref) refs/heads/origin/main refs/remotes/origin/main [32ms]
2025-11-12 20:19:18.799 [info] > git show --textconv :assets/site/css/scss/_config.scss [54ms]
2025-11-12 20:19:18.801 [info] > git merge-base refs/heads/main refs/remotes/origin/main [24ms]
2025-11-12 20:19:18.817 [info] > git ls-files --stage -- assets/site/css/scss/_config.scss [65ms]
2025-11-12 20:19:18.916 [info] > git cat-file -s 3fae86733a00fc6bd01379d88b452026fe35c8ec [92ms]
2025-11-12 20:19:18.917 [info] > git diff --name-status -z --diff-filter=ADMR dd977610c23faa634a1a6265198e03d984a9caeb...refs/remotes/origin/main [101ms]
2025-11-12 20:19:18.918 [info] > git for-each-ref --format=%(refname)%00%(upstream:short)%00%(objectname)%00%(upstream:track)%00%(upstream:remotename)%00%(upstream:remoteref) refs/heads/main refs/remotes/main [122ms]
2025-11-12 20:19:18.929 [warning] [Git][revParse] Unable to read file: ENOENT: no such file or directory, open '/home/nkkkta/Documents/codebase/work/kentavr/.git/refs/remotes/origin/main'
2025-11-12 20:19:18.933 [info] > git rev-parse refs/remotes/origin/main [4ms]
2025-11-12 20:19:18.979 [info] > git for-each-ref --sort -committerdate --format %(refname)%00%(objectname)%00%(*objectname) [25ms]
2025-11-12 20:19:18.983 [info] > git status -z -uall [41ms]
2025-11-12 20:19:19.156 [info] > git blame --root --incremental dd977610c23faa634a1a6265198e03d984a9caeb -- assets/site/css/scss/_config.scss [132ms]
2025-11-12 20:19:19.177 [info] > git check-ignore -v -z --stdin [7ms]
2025-11-12 20:19:27.672 [info] > git check-ignore -v -z --stdin [8ms]
2025-11-12 20:19:28.895 [info] > git check-ignore -v -z --stdin [26ms]
2025-11-12 20:19:30.438 [info] > git show --textconv :application/cache/index.html [22ms]
2025-11-12 20:19:30.442 [info] > git ls-files --stage -- application/cache/index.html [5ms]
2025-11-12 20:19:30.461 [info] > git cat-file -s b702fbc3967b4f49eddb394723822973f2f80fb4 [9ms]
2025-11-12 20:19:31.660 [info] > git show --textconv :application/cache/.htaccess [13ms]
2025-11-12 20:19:31.662 [info] > git ls-files --stage -- application/cache/.htaccess [3ms]
2025-11-12 20:19:31.675 [info] > git cat-file -s 6c63ed4c4d2735410ea039fe35a07762adb3710b [4ms]
2025-11-12 20:19:34.886 [info] > git check-ignore -v -z --stdin [11ms]
2025-11-12 20:19:36.012 [info] > git show --textconv :application/config/autoload.php [16ms]
2025-11-12 20:19:36.013 [info] > git ls-files --stage -- application/config/autoload.php [3ms]
2025-11-12 20:19:36.028 [info] > git cat-file -s b5382dcf0f552ee785239a0a21fd2cecaeac96b5 [4ms]
