2025-11-12 19:29:42.576 [info] [main] Log level: Info
2025-11-12 19:29:42.576 [info] [main] Validating found git in: "git"
2025-11-12 19:29:42.576 [info] [main] Using git "2.51.1" from "git"
2025-11-12 19:29:42.576 [info] [Model][doInitialScan] Initial repository scan started
2025-11-12 19:29:42.576 [info] > git rev-parse --show-toplevel [22ms]
2025-11-12 19:29:42.579 [info] > git rev-parse --git-dir --git-common-dir --show-superproject-working-tree [12ms]
2025-11-12 19:29:42.625 [info] [Model][openRepository] Opened repository (path): /home/nkkkta/Documents/codebase/work/pritochka-landing
2025-11-12 19:29:42.626 [info] [Model][openRepository] Opened repository (real path): /home/nkkkta/Documents/codebase/work/pritochka-landing
2025-11-12 19:29:42.626 [info] [Model][openRepository] Opened repository (kind): repository
2025-11-12 19:29:42.670 [info] > git rev-parse --show-toplevel [22ms]
2025-11-12 19:29:42.671 [info] > git config --get commit.template [32ms]
2025-11-12 19:29:42.729 [info] > git rev-parse --show-toplevel [48ms]
2025-11-12 19:29:42.759 [info] > git for-each-ref --format=%(refname)%00%(upstream:short)%00%(objectname)%00%(upstream:track)%00%(upstream:remotename)%00%(upstream:remoteref) refs/heads/main refs/remotes/main [41ms]
2025-11-12 19:29:43.491 [info] > git rev-parse --show-toplevel [733ms]
2025-11-12 19:29:43.682 [info] > git status -z -uall [17ms]
2025-11-12 19:29:43.683 [info] > git rev-parse --show-toplevel [55ms]
2025-11-12 19:29:43.683 [info] [Model][doInitialScan] Initial repository scan completed - repositories (1), closed repositories (0), parent repositories (0), unsafe repositories (0)
2025-11-12 19:29:43.686 [info] > git for-each-ref --sort -committerdate --format %(refname)%00%(objectname)%00%(*objectname) [8ms]
2025-11-12 19:29:43.717 [info] > git for-each-ref --format=%(refname)%00%(upstream:short)%00%(objectname)%00%(upstream:track)%00%(upstream:remotename)%00%(upstream:remoteref) refs/heads/main refs/remotes/main [6ms]
2025-11-12 19:29:43.737 [info] > git config --get commit.template [4ms]
2025-11-12 19:29:43.737 [info] > git config --get --local branch.main.vscode-merge-base [13ms]
2025-11-12 19:29:43.760 [info] > git for-each-ref --format=%(refname)%00%(upstream:short)%00%(objectname)%00%(upstream:track)%00%(upstream:remotename)%00%(upstream:remoteref) refs/heads/origin/main refs/remotes/origin/main [11ms]
2025-11-12 19:29:43.770 [info] > git for-each-ref --format=%(refname)%00%(upstream:short)%00%(objectname)%00%(upstream:track)%00%(upstream:remotename)%00%(upstream:remoteref) refs/heads/main refs/remotes/main [13ms]
2025-11-12 19:29:43.780 [info] > git merge-base refs/heads/main refs/remotes/origin/main [12ms]
2025-11-12 19:29:43.812 [info] > git diff --name-status -z --diff-filter=ADMR 68156a8775669775a7e90c712b2fa719e1cf5bc6...refs/remotes/origin/main [20ms]
2025-11-12 19:29:43.826 [info] > git for-each-ref --sort -committerdate --format %(refname)%00%(objectname)%00%(*objectname) [16ms]
2025-11-12 19:29:43.837 [info] > git status -z -uall [33ms]
2025-11-12 19:29:43.914 [info] > git show --textconv :assets/css/scss/elements/_container.scss [11ms]
2025-11-12 19:29:43.917 [info] > git ls-files --stage -- assets/css/scss/elements/_container.scss [4ms]
2025-11-12 19:29:43.934 [info] > git cat-file -s 242ebb23016ea67a4471e0bc88eec905679b7eed [7ms]
2025-11-12 19:29:44.214 [info] > git check-ignore -v -z --stdin [171ms]
2025-11-12 19:29:44.799 [info] > git check-ignore -v -z --stdin [4ms]
2025-11-12 19:29:46.211 [info] > git check-ignore -v -z --stdin [7ms]
2025-11-12 19:29:54.100 [info] > git show --textconv :docker-compose.yml [9ms]
2025-11-12 19:29:54.114 [info] > git ls-files --stage -- docker-compose.yml [14ms]
2025-11-12 19:29:54.123 [info] > git hash-object -t tree /dev/null [10ms]
2025-11-12 19:29:54.124 [warning] [GitFileSystemProvider][readFile] File not found - git:/home/nkkkta/Documents/codebase/work/pritochka-landing/docker-compose.yml.git?%7B%22path%22%3A%22%2Fhome%2Fnkkkta%2FDocuments%2Fcodebase%2Fwork%2Fpritochka-landing%2Fdocker-compose.yml%22%2C%22ref%22%3A%22%22%7D
2025-11-12 19:29:54.128 [info] > git hash-object -t tree /dev/null [6ms]
2025-11-12 19:29:54.128 [warning] [GitFileSystemProvider][stat] File not found - git:/home/nkkkta/Documents/codebase/work/pritochka-landing/docker-compose.yml.git?%7B%22path%22%3A%22%2Fhome%2Fnkkkta%2FDocuments%2Fcodebase%2Fwork%2Fpritochka-landing%2Fdocker-compose.yml%22%2C%22ref%22%3A%22%22%7D
2025-11-12 19:29:54.153 [info] > git blame --root --incremental 68156a8775669775a7e90c712b2fa719e1cf5bc6 -- docker-compose.yml [2ms]
2025-11-12 19:29:54.153 [info] fatal: no such path docker-compose.yml in 68156a8775669775a7e90c712b2fa719e1cf5bc6
2025-11-12 19:30:42.100 [info] > git config --get commit.template [4ms]
2025-11-12 19:30:42.114 [info] > git for-each-ref --format=%(refname)%00%(upstream:short)%00%(objectname)%00%(upstream:track)%00%(upstream:remotename)%00%(upstream:remoteref) refs/heads/main refs/remotes/main [7ms]
2025-11-12 19:30:42.138 [info] > git status -z -uall [13ms]
2025-11-12 19:30:42.139 [info] > git for-each-ref --sort -committerdate --format %(refname)%00%(objectname)%00%(*objectname) [2ms]
2025-11-12 19:30:47.625 [info] > git config --get commit.template [1ms]
2025-11-12 19:30:47.648 [info] > git for-each-ref --format=%(refname)%00%(upstream:short)%00%(objectname)%00%(upstream:track)%00%(upstream:remotename)%00%(upstream:remoteref) refs/heads/main refs/remotes/main [3ms]
2025-11-12 19:30:47.719 [info] > git for-each-ref --sort -committerdate --format %(refname)%00%(objectname)%00%(*objectname) [14ms]
2025-11-12 19:30:47.722 [info] > git status -z -uall [49ms]
2025-11-12 19:31:11.041 [info] > git show --textconv :Dockerfile [11ms]
2025-11-12 19:31:11.042 [warning] [GitFileSystemProvider][readFile] File not found - git:/home/nkkkta/Documents/codebase/work/pritochka-landing/Dockerfile.git?%7B%22path%22%3A%22%2Fhome%2Fnkkkta%2FDocuments%2Fcodebase%2Fwork%2Fpritochka-landing%2FDockerfile%22%2C%22ref%22%3A%22%22%7D
2025-11-12 19:31:11.043 [info] > git ls-files --stage -- Dockerfile [3ms]
2025-11-12 19:31:11.043 [warning] [GitFileSystemProvider][stat] File not found - git:/home/nkkkta/Documents/codebase/work/pritochka-landing/Dockerfile.git?%7B%22path%22%3A%22%2Fhome%2Fnkkkta%2FDocuments%2Fcodebase%2Fwork%2Fpritochka-landing%2FDockerfile%22%2C%22ref%22%3A%22%22%7D
2025-11-12 19:31:11.718 [info] > git blame --root --incremental 68156a8775669775a7e90c712b2fa719e1cf5bc6 -- Dockerfile [5ms]
2025-11-12 19:31:11.718 [info] fatal: no such path Dockerfile in 68156a8775669775a7e90c712b2fa719e1cf5bc6
2025-11-12 19:37:59.668 [info] > git show --textconv :nginx.conf [40ms]
2025-11-12 19:37:59.674 [warning] [GitFileSystemProvider][readFile] File not found - git:/home/nkkkta/Documents/codebase/work/pritochka-landing/nginx.conf.git?%7B%22path%22%3A%22%2Fhome%2Fnkkkta%2FDocuments%2Fcodebase%2Fwork%2Fpritochka-landing%2Fnginx.conf%22%2C%22ref%22%3A%22%22%7D
2025-11-12 19:37:59.684 [info] > git ls-files --stage -- nginx.conf [17ms]
2025-11-12 19:37:59.690 [warning] [GitFileSystemProvider][stat] File not found - git:/home/nkkkta/Documents/codebase/work/pritochka-landing/nginx.conf.git?%7B%22path%22%3A%22%2Fhome%2Fnkkkta%2FDocuments%2Fcodebase%2Fwork%2Fpritochka-landing%2Fnginx.conf%22%2C%22ref%22%3A%22%22%7D
2025-11-12 19:37:59.732 [info] > git blame --root --incremental 68156a8775669775a7e90c712b2fa719e1cf5bc6 -- nginx.conf [3ms]
2025-11-12 19:37:59.732 [info] fatal: no such path nginx.conf in 68156a8775669775a7e90c712b2fa719e1cf5bc6
2025-11-12 20:16:49.239 [info] > git show --textconv :.gitignore [8ms]
2025-11-12 20:16:49.248 [info] > git ls-files --stage -- .gitignore [10ms]
2025-11-12 20:16:49.261 [info] > git cat-file -s a7ecf7ffa5138ff7ffa31b394357f238568905cf [7ms]
2025-11-12 20:16:49.359 [info] > git blame --root --incremental 68156a8775669775a7e90c712b2fa719e1cf5bc6 -- .gitignore [76ms]
