2025-11-11 19:35:50.934 [info] [main] Log level: Info
2025-11-11 19:35:50.934 [info] [main] Validating found git in: "git"
2025-11-11 19:35:50.934 [info] [main] Using git "2.51.1" from "git"
2025-11-11 19:35:50.934 [info] [Model][doInitialScan] Initial repository scan started
2025-11-11 19:35:50.934 [info] > git rev-parse --show-toplevel [20ms]
2025-11-11 19:35:50.934 [info] fatal: not a git repository (or any parent up to mount point /)
Stopping at filesystem boundary (GIT_DISCOVERY_ACROSS_FILESYSTEM not set).
2025-11-11 19:35:50.934 [info] > git rev-parse --show-toplevel [29ms]
2025-11-11 19:35:50.934 [info] fatal: not a git repository (or any parent up to mount point /)
Stopping at filesystem boundary (GIT_DISCOVERY_ACROSS_FILESYSTEM not set).
2025-11-11 19:35:50.934 [info] > git rev-parse --show-toplevel [6ms]
2025-11-11 19:35:50.934 [info] fatal: not a git repository (or any parent up to mount point /)
Stopping at filesystem boundary (GIT_DISCOVERY_ACROSS_FILESYSTEM not set).
2025-11-11 19:35:50.934 [info] > git rev-parse --show-toplevel [8ms]
2025-11-11 19:35:50.934 [info] fatal: not a git repository (or any parent up to mount point /)
Stopping at filesystem boundary (GIT_DISCOVERY_ACROSS_FILESYSTEM not set).
2025-11-11 19:35:50.934 [info] > git rev-parse --show-toplevel [35ms]
2025-11-11 19:35:50.934 [info] fatal: not a git repository (or any parent up to mount point /)
Stopping at filesystem boundary (GIT_DISCOVERY_ACROSS_FILESYSTEM not set).
2025-11-11 19:35:50.934 [info] [Model][doInitialScan] Initial repository scan completed - repositories (0), closed repositories (0), parent repositories (0), unsafe repositories (0)
2025-11-11 19:35:51.583 [info] > git rev-parse --show-toplevel [6ms]
2025-11-11 19:35:51.583 [info] fatal: not a git repository (or any parent up to mount point /)
Stopping at filesystem boundary (GIT_DISCOVERY_ACROSS_FILESYSTEM not set).
2025-11-11 19:35:52.902 [info] > git rev-parse --show-toplevel [37ms]
2025-11-11 19:35:52.903 [info] fatal: not a git repository (or any parent up to mount point /)
Stopping at filesystem boundary (GIT_DISCOVERY_ACROSS_FILESYSTEM not set).
2025-11-11 19:35:54.044 [info] > git rev-parse --show-toplevel [5ms]
2025-11-11 19:35:54.044 [info] fatal: not a git repository (or any parent up to mount point /)
Stopping at filesystem boundary (GIT_DISCOVERY_ACROSS_FILESYSTEM not set).
2025-11-11 19:35:57.528 [info] > git rev-parse --show-toplevel [7ms]
2025-11-11 19:35:57.528 [info] fatal: not a git repository (or any parent up to mount point /)
Stopping at filesystem boundary (GIT_DISCOVERY_ACROSS_FILESYSTEM not set).
2025-11-11 19:36:44.270 [info] > git rev-parse --show-toplevel [5ms]
2025-11-11 19:36:44.270 [info] fatal: not a git repository (or any parent up to mount point /)
Stopping at filesystem boundary (GIT_DISCOVERY_ACROSS_FILESYSTEM not set).
2025-11-11 19:36:49.549 [info] > git rev-parse --show-toplevel [1ms]
2025-11-11 19:36:49.549 [info] fatal: not a git repository (or any parent up to mount point /)
Stopping at filesystem boundary (GIT_DISCOVERY_ACROSS_FILESYSTEM not set).
2025-11-11 19:37:00.619 [info] > git rev-parse --show-toplevel [2ms]
2025-11-11 19:37:00.619 [info] fatal: not a git repository (or any parent up to mount point /)
Stopping at filesystem boundary (GIT_DISCOVERY_ACROSS_FILESYSTEM not set).
2025-11-11 19:37:07.231 [info] > git rev-parse --show-toplevel [1ms]
2025-11-11 19:37:07.231 [info] fatal: not a git repository (or any parent up to mount point /)
Stopping at filesystem boundary (GIT_DISCOVERY_ACROSS_FILESYSTEM not set).
2025-11-11 19:37:09.528 [info] > git rev-parse --show-toplevel [2ms]
2025-11-11 19:37:09.528 [info] fatal: not a git repository (or any parent up to mount point /)
Stopping at filesystem boundary (GIT_DISCOVERY_ACROSS_FILESYSTEM not set).
2025-11-11 19:38:37.664 [info] > git rev-parse --show-toplevel [26ms]
2025-11-11 19:38:37.665 [info] fatal: not a git repository (or any parent up to mount point /)
Stopping at filesystem boundary (GIT_DISCOVERY_ACROSS_FILESYSTEM not set).
2025-11-11 19:41:01.043 [info] > git rev-parse --show-toplevel [6ms]
2025-11-11 19:41:01.043 [info] fatal: not a git repository (or any parent up to mount point /)
Stopping at filesystem boundary (GIT_DISCOVERY_ACROSS_FILESYSTEM not set).
2025-11-11 19:42:25.225 [info] > git rev-parse --show-toplevel [2ms]
2025-11-11 19:42:25.225 [info] fatal: not a git repository (or any parent up to mount point /)
Stopping at filesystem boundary (GIT_DISCOVERY_ACROSS_FILESYSTEM not set).
2025-11-11 19:43:34.880 [info] > git rev-parse --show-toplevel [4ms]
2025-11-11 19:43:34.880 [info] fatal: not a git repository (or any parent up to mount point /)
Stopping at filesystem boundary (GIT_DISCOVERY_ACROSS_FILESYSTEM not set).
2025-11-11 19:44:09.858 [info] > git rev-parse --show-toplevel [3ms]
2025-11-11 19:44:09.859 [info] fatal: not a git repository (or any parent up to mount point /)
Stopping at filesystem boundary (GIT_DISCOVERY_ACROSS_FILESYSTEM not set).
2025-11-11 19:45:24.860 [info] > git rev-parse --show-toplevel [4ms]
2025-11-11 19:45:24.860 [info] fatal: not a git repository (or any parent up to mount point /)
Stopping at filesystem boundary (GIT_DISCOVERY_ACROSS_FILESYSTEM not set).
2025-11-11 19:47:48.616 [info] > git rev-parse --show-toplevel [5ms]
2025-11-11 19:47:48.616 [info] fatal: not a git repository (or any parent up to mount point /)
Stopping at filesystem boundary (GIT_DISCOVERY_ACROSS_FILESYSTEM not set).
2025-11-11 19:47:54.929 [info] > git rev-parse --show-toplevel [13ms]
2025-11-11 19:47:54.929 [info] fatal: not a git repository (or any parent up to mount point /)
Stopping at filesystem boundary (GIT_DISCOVERY_ACROSS_FILESYSTEM not set).
2025-11-11 19:53:05.553 [info] > git rev-parse --show-toplevel [8ms]
2025-11-11 19:53:05.553 [info] fatal: not a git repository (or any parent up to mount point /)
Stopping at filesystem boundary (GIT_DISCOVERY_ACROSS_FILESYSTEM not set).
2025-11-11 19:54:55.849 [info] > git rev-parse --show-toplevel [2ms]
2025-11-11 19:54:55.849 [info] fatal: not a git repository (or any parent up to mount point /)
Stopping at filesystem boundary (GIT_DISCOVERY_ACROSS_FILESYSTEM not set).
2025-11-11 19:55:01.677 [info] > git rev-parse --show-toplevel [10ms]
2025-11-11 19:55:01.677 [info] fatal: not a git repository (or any parent up to mount point /)
Stopping at filesystem boundary (GIT_DISCOVERY_ACROSS_FILESYSTEM not set).
2025-11-11 19:56:28.447 [info] > git rev-parse --show-toplevel [8ms]
2025-11-11 19:56:28.447 [info] fatal: not a git repository (or any parent up to mount point /)
Stopping at filesystem boundary (GIT_DISCOVERY_ACROSS_FILESYSTEM not set).
2025-11-11 20:01:08.271 [info] > git rev-parse --show-toplevel [10ms]
2025-11-11 20:01:08.271 [info] fatal: not a git repository (or any parent up to mount point /)
Stopping at filesystem boundary (GIT_DISCOVERY_ACROSS_FILESYSTEM not set).
2025-11-11 20:01:15.597 [info] > git rev-parse --show-toplevel [6ms]
2025-11-11 20:01:15.598 [info] fatal: not a git repository (or any parent up to mount point /)
Stopping at filesystem boundary (GIT_DISCOVERY_ACROSS_FILESYSTEM not set).
2025-11-11 20:01:52.399 [info] > git rev-parse --show-toplevel [6ms]
2025-11-11 20:01:52.399 [info] fatal: not a git repository (or any parent up to mount point /)
Stopping at filesystem boundary (GIT_DISCOVERY_ACROSS_FILESYSTEM not set).
2025-11-11 20:02:04.558 [info] > git rev-parse --show-toplevel [18ms]
2025-11-11 20:02:04.558 [info] fatal: not a git repository (or any parent up to mount point /)
Stopping at filesystem boundary (GIT_DISCOVERY_ACROSS_FILESYSTEM not set).
2025-11-11 20:07:43.561 [info] > git rev-parse --show-toplevel [4ms]
2025-11-11 20:07:43.561 [info] fatal: not a git repository (or any parent up to mount point /)
Stopping at filesystem boundary (GIT_DISCOVERY_ACROSS_FILESYSTEM not set).
2025-11-11 20:13:14.737 [info] > git rev-parse --show-toplevel [10ms]
2025-11-11 20:13:14.737 [info] fatal: not a git repository (or any parent up to mount point /)
Stopping at filesystem boundary (GIT_DISCOVERY_ACROSS_FILESYSTEM not set).
2025-11-11 20:13:22.284 [info] > git rev-parse --show-toplevel [8ms]
2025-11-11 20:13:22.284 [info] fatal: not a git repository (or any parent up to mount point /)
Stopping at filesystem boundary (GIT_DISCOVERY_ACROSS_FILESYSTEM not set).
2025-11-11 20:14:32.660 [info] > git rev-parse --show-toplevel [4ms]
2025-11-11 20:14:32.660 [info] fatal: not a git repository (or any parent up to mount point /)
Stopping at filesystem boundary (GIT_DISCOVERY_ACROSS_FILESYSTEM not set).
2025-11-11 20:14:34.543 [info] > git rev-parse --show-toplevel [8ms]
2025-11-11 20:14:34.543 [info] fatal: not a git repository (or any parent up to mount point /)
Stopping at filesystem boundary (GIT_DISCOVERY_ACROSS_FILESYSTEM not set).
2025-11-11 20:14:35.897 [info] > git rev-parse --show-toplevel [9ms]
2025-11-11 20:14:35.897 [info] fatal: not a git repository (or any parent up to mount point /)
Stopping at filesystem boundary (GIT_DISCOVERY_ACROSS_FILESYSTEM not set).
2025-11-11 20:14:40.953 [info] > git rev-parse --show-toplevel [6ms]
2025-11-11 20:14:40.953 [info] fatal: not a git repository (or any parent up to mount point /)
Stopping at filesystem boundary (GIT_DISCOVERY_ACROSS_FILESYSTEM not set).
2025-11-11 20:20:56.746 [info] > git rev-parse --show-toplevel [10ms]
2025-11-11 20:20:56.746 [info] fatal: not a git repository (or any parent up to mount point /)
Stopping at filesystem boundary (GIT_DISCOVERY_ACROSS_FILESYSTEM not set).
2025-11-11 20:20:57.978 [info] > git rev-parse --show-toplevel [8ms]
2025-11-11 20:20:57.978 [info] fatal: not a git repository (or any parent up to mount point /)
Stopping at filesystem boundary (GIT_DISCOVERY_ACROSS_FILESYSTEM not set).
2025-11-11 20:25:49.155 [info] > git rev-parse --show-toplevel [5ms]
2025-11-11 20:25:49.155 [info] fatal: not a git repository (or any parent up to mount point /)
Stopping at filesystem boundary (GIT_DISCOVERY_ACROSS_FILESYSTEM not set).
2025-11-11 20:26:09.141 [info] > git rev-parse --show-toplevel [3ms]
2025-11-11 20:26:09.141 [info] fatal: not a git repository (or any parent up to mount point /)
Stopping at filesystem boundary (GIT_DISCOVERY_ACROSS_FILESYSTEM not set).
2025-11-11 20:30:33.679 [info] > git rev-parse --show-toplevel [2ms]
2025-11-11 20:30:33.679 [info] fatal: not a git repository (or any parent up to mount point /)
Stopping at filesystem boundary (GIT_DISCOVERY_ACROSS_FILESYSTEM not set).
2025-11-11 20:30:46.887 [info] > git rev-parse --show-toplevel [15ms]
2025-11-11 20:30:46.887 [info] fatal: not a git repository (or any parent up to mount point /)
Stopping at filesystem boundary (GIT_DISCOVERY_ACROSS_FILESYSTEM not set).
2025-11-11 20:30:52.428 [info] > git rev-parse --show-toplevel [4ms]
2025-11-11 20:30:52.428 [info] fatal: not a git repository (or any parent up to mount point /)
Stopping at filesystem boundary (GIT_DISCOVERY_ACROSS_FILESYSTEM not set).
2025-11-11 20:49:53.030 [info] > git rev-parse --show-toplevel [11ms]
2025-11-11 20:49:53.030 [info] fatal: not a git repository (or any parent up to mount point /)
Stopping at filesystem boundary (GIT_DISCOVERY_ACROSS_FILESYSTEM not set).
2025-11-11 20:53:01.735 [info] > git rev-parse --show-toplevel [4ms]
2025-11-11 20:53:01.735 [info] fatal: not a git repository (or any parent up to mount point /)
Stopping at filesystem boundary (GIT_DISCOVERY_ACROSS_FILESYSTEM not set).
2025-11-11 20:58:14.982 [info] > git rev-parse --show-toplevel [1ms]
2025-11-11 20:58:14.982 [info] fatal: not a git repository (or any parent up to mount point /)
Stopping at filesystem boundary (GIT_DISCOVERY_ACROSS_FILESYSTEM not set).
2025-11-11 20:58:16.470 [info] > git rev-parse --show-toplevel [3ms]
2025-11-11 20:58:16.470 [info] fatal: not a git repository (or any parent up to mount point /)
Stopping at filesystem boundary (GIT_DISCOVERY_ACROSS_FILESYSTEM not set).
2025-11-11 20:59:29.319 [info] > git rev-parse --show-toplevel [25ms]
2025-11-11 20:59:29.319 [info] fatal: not a git repository (or any parent up to mount point /)
Stopping at filesystem boundary (GIT_DISCOVERY_ACROSS_FILESYSTEM not set).
2025-11-11 20:59:45.084 [info] > git rev-parse --show-toplevel [48ms]
2025-11-11 20:59:45.084 [info] fatal: not a git repository (or any parent up to mount point /)
Stopping at filesystem boundary (GIT_DISCOVERY_ACROSS_FILESYSTEM not set).
2025-11-11 21:00:12.696 [info] > git rev-parse --show-toplevel [6ms]
2025-11-11 21:00:12.696 [info] fatal: not a git repository (or any parent up to mount point /)
Stopping at filesystem boundary (GIT_DISCOVERY_ACROSS_FILESYSTEM not set).
2025-11-11 21:05:23.191 [info] > git rev-parse --show-toplevel [5ms]
2025-11-11 21:05:23.191 [info] fatal: not a git repository (or any parent up to mount point /)
Stopping at filesystem boundary (GIT_DISCOVERY_ACROSS_FILESYSTEM not set).
2025-11-11 21:10:43.610 [info] > git rev-parse --show-toplevel [13ms]
2025-11-11 21:10:43.610 [info] fatal: not a git repository (or any parent up to mount point /)
Stopping at filesystem boundary (GIT_DISCOVERY_ACROSS_FILESYSTEM not set).
2025-11-11 21:10:54.644 [info] > git rev-parse --show-toplevel [18ms]
2025-11-11 21:10:54.644 [info] fatal: not a git repository (or any parent up to mount point /)
Stopping at filesystem boundary (GIT_DISCOVERY_ACROSS_FILESYSTEM not set).
2025-11-11 21:13:36.948 [info] > git rev-parse --show-toplevel [7ms]
2025-11-11 21:13:36.948 [info] fatal: not a git repository (or any parent up to mount point /)
Stopping at filesystem boundary (GIT_DISCOVERY_ACROSS_FILESYSTEM not set).
2025-11-11 21:13:45.175 [info] > git rev-parse --show-toplevel [20ms]
2025-11-11 21:13:45.175 [info] fatal: not a git repository (or any parent up to mount point /)
Stopping at filesystem boundary (GIT_DISCOVERY_ACROSS_FILESYSTEM not set).
2025-11-11 21:42:02.326 [info] > git rev-parse --show-toplevel [19ms]
2025-11-11 21:42:02.326 [info] fatal: not a git repository (or any parent up to mount point /)
Stopping at filesystem boundary (GIT_DISCOVERY_ACROSS_FILESYSTEM not set).
2025-11-11 21:42:04.030 [info] > git rev-parse --show-toplevel [12ms]
2025-11-11 21:42:04.030 [info] fatal: not a git repository (or any parent up to mount point /)
Stopping at filesystem boundary (GIT_DISCOVERY_ACROSS_FILESYSTEM not set).
2025-11-11 21:42:06.067 [info] > git rev-parse --show-toplevel [7ms]
2025-11-11 21:42:06.067 [info] fatal: not a git repository (or any parent up to mount point /)
Stopping at filesystem boundary (GIT_DISCOVERY_ACROSS_FILESYSTEM not set).
2025-11-11 21:42:30.978 [info] > git rev-parse --show-toplevel [8ms]
2025-11-11 21:42:30.978 [info] fatal: not a git repository (or any parent up to mount point /)
Stopping at filesystem boundary (GIT_DISCOVERY_ACROSS_FILESYSTEM not set).
2025-11-11 21:51:33.881 [info] > git rev-parse --show-toplevel [2ms]
2025-11-11 21:51:33.881 [info] fatal: not a git repository (or any parent up to mount point /)
Stopping at filesystem boundary (GIT_DISCOVERY_ACROSS_FILESYSTEM not set).
2025-11-11 21:51:49.360 [info] > git rev-parse --show-toplevel [12ms]
2025-11-11 21:51:49.360 [info] fatal: not a git repository (or any parent up to mount point /)
Stopping at filesystem boundary (GIT_DISCOVERY_ACROSS_FILESYSTEM not set).
2025-11-11 21:51:50.360 [info] > git rev-parse --show-toplevel [4ms]
2025-11-11 21:51:50.360 [info] fatal: not a git repository (or any parent up to mount point /)
Stopping at filesystem boundary (GIT_DISCOVERY_ACROSS_FILESYSTEM not set).
2025-11-11 21:51:51.587 [info] > git rev-parse --show-toplevel [12ms]
2025-11-11 21:51:51.587 [info] fatal: not a git repository (or any parent up to mount point /)
Stopping at filesystem boundary (GIT_DISCOVERY_ACROSS_FILESYSTEM not set).
2025-11-11 21:51:55.168 [info] > git rev-parse --show-toplevel [6ms]
2025-11-11 21:51:55.168 [info] fatal: not a git repository (or any parent up to mount point /)
Stopping at filesystem boundary (GIT_DISCOVERY_ACROSS_FILESYSTEM not set).
