2025-11-15 11:53:32.153 [info] [main] Log level: Info
2025-11-15 11:53:32.153 [info] [main] Validating found git in: "git"
2025-11-15 11:53:32.153 [info] [main] Using git "2.51.1" from "git"
2025-11-15 11:53:32.153 [info] [Model][doInitialScan] Initial repository scan started
2025-11-15 11:53:32.153 [info] > git rev-parse --show-toplevel [7ms]
2025-11-15 11:53:32.153 [info] > git rev-parse --git-dir --git-common-dir --show-superproject-working-tree [6ms]
2025-11-15 11:53:32.153 [info] [Model][openRepository] Opened repository (path): /home/nkkkta/Documents/codebase/public_html/codeigniter-test
2025-11-15 11:53:32.153 [info] [Model][openRepository] Opened repository (real path): /home/nkkkta/Documents/codebase/public_html/codeigniter-test
2025-11-15 11:53:32.153 [info] [Model][openRepository] Opened repository (kind): repository
2025-11-15 11:53:32.153 [info] > git config --get commit.template [6ms]
2025-11-15 11:53:32.153 [info] > git rev-parse --show-toplevel [3ms]
2025-11-15 11:53:32.153 [info] > git rev-parse --show-toplevel [11ms]
2025-11-15 11:53:32.153 [info] > git for-each-ref --format=%(refname)%00%(upstream:short)%00%(objectname)%00%(upstream:track)%00%(upstream:remotename)%00%(upstream:remoteref) refs/heads/main refs/remotes/main [18ms]
2025-11-15 11:53:32.153 [info] > git rev-parse --show-toplevel [2ms]
2025-11-15 11:53:32.153 [info] > git for-each-ref --sort -committerdate --format %(refname)%00%(objectname)%00%(*objectname) [4ms]
2025-11-15 11:53:32.153 [info] > git rev-parse --show-toplevel [35ms]
2025-11-15 11:53:32.153 [info] > git status -z -uall [36ms]
2025-11-15 11:53:32.153 [info] > git rev-parse --show-toplevel [10ms]
2025-11-15 11:53:32.153 [info] [Model][doInitialScan] Initial repository scan completed - repositories (1), closed repositories (0), parent repositories (0), unsafe repositories (0)
2025-11-15 11:53:32.153 [info] > git for-each-ref --format=%(refname)%00%(upstream:short)%00%(objectname)%00%(upstream:track)%00%(upstream:remotename)%00%(upstream:remoteref) refs/heads/main refs/remotes/main [2ms]
2025-11-15 11:53:32.153 [info] > git config --get --local branch.main.vscode-merge-base [3ms]
2025-11-15 11:53:32.153 [warning] [Git][config] git config failed: Failed to execute git
2025-11-15 11:53:32.153 [info] > git reflog main --grep-reflog=branch: Created from *. [4ms]
2025-11-15 11:53:32.153 [info] > git symbolic-ref --short refs/remotes/origin/HEAD [1ms]
2025-11-15 11:53:32.153 [info] fatal: ref refs/remotes/origin/HEAD is not a symbolic ref
2025-11-15 11:53:32.153 [warning] [Repository][getDefaultBranch] Failed to get default branch details: Failed to execute git.
2025-11-15 11:53:32.153 [info] > git merge-base refs/heads/main refs/remotes/origin/main [2ms]
2025-11-15 11:53:32.153 [info] > git diff --name-status -z --diff-filter=ADMR 477c08709da1fb2cbd3684a9fc515957da6400ba...refs/remotes/origin/main [2ms]
2025-11-15 11:53:32.153 [info] > git config --get commit.template [184ms]
2025-11-15 11:53:32.153 [info] > git for-each-ref --format=%(refname)%00%(upstream:short)%00%(objectname)%00%(upstream:track)%00%(upstream:remotename)%00%(upstream:remoteref) refs/heads/main refs/remotes/main [3ms]
2025-11-15 11:53:32.157 [info] > git for-each-ref --sort -committerdate --format %(refname)%00%(objectname)%00%(*objectname) [5ms]
2025-11-15 11:53:32.174 [info] > git status -z -uall [31ms]
2025-11-15 11:53:33.812 [info] > git check-ignore -v -z --stdin [30ms]
2025-11-15 11:53:33.814 [info] > git show --textconv :app/models/News_model.php [17ms]
2025-11-15 11:53:33.832 [info] > git ls-files --stage -- app/models/News_model.php [22ms]
2025-11-15 11:53:33.860 [info] > git cat-file -s 616278ef4ae96dae612aed75981037befb978d70 [13ms]
2025-11-15 11:53:34.096 [info] > git blame --root --incremental 477c08709da1fb2cbd3684a9fc515957da6400ba -- app/models/News_model.php [5ms]
2025-11-15 11:54:49.261 [info] > git check-ignore -v -z --stdin [15ms]
2025-11-15 11:54:49.795 [info] > git config --get commit.template [11ms]
2025-11-15 11:54:49.797 [info] > git for-each-ref --format=%(refname)%00%(upstream:short)%00%(objectname)%00%(upstream:track)%00%(upstream:remotename)%00%(upstream:remoteref) refs/heads/main refs/remotes/main [4ms]
2025-11-15 11:54:49.817 [info] > git for-each-ref --sort -committerdate --format %(refname)%00%(objectname)%00%(*objectname) [3ms]
2025-11-15 11:54:49.825 [info] > git status -z -uall [21ms]
2025-11-15 11:54:53.149 [info] > git check-ignore -v -z --stdin [16ms]
2025-11-15 11:54:54.882 [info] > git config --get commit.template [15ms]
2025-11-15 11:54:54.884 [info] > git for-each-ref --format=%(refname)%00%(upstream:short)%00%(objectname)%00%(upstream:track)%00%(upstream:remotename)%00%(upstream:remoteref) refs/heads/main refs/remotes/main [4ms]
2025-11-15 11:54:54.904 [info] > git for-each-ref --sort -committerdate --format %(refname)%00%(objectname)%00%(*objectname) [3ms]
2025-11-15 11:54:54.907 [info] > git status -z -uall [13ms]
2025-11-15 11:54:59.964 [info] > git check-ignore -v -z --stdin [18ms]
2025-11-15 11:55:00.548 [info] > git config --get commit.template [35ms]
2025-11-15 11:55:00.549 [info] > git for-each-ref --format=%(refname)%00%(upstream:short)%00%(objectname)%00%(upstream:track)%00%(upstream:remotename)%00%(upstream:remoteref) refs/heads/main refs/remotes/main [4ms]
2025-11-15 11:55:00.580 [info] > git status -z -uall [18ms]
2025-11-15 11:55:00.580 [info] > git for-each-ref --sort -committerdate --format %(refname)%00%(objectname)%00%(*objectname) [5ms]
2025-11-15 11:55:17.541 [info] > git show --textconv :assets/css/style.css [18ms]
2025-11-15 11:55:17.557 [info] > git ls-files --stage -- assets/css/style.css [18ms]
2025-11-15 11:55:17.569 [info] > git hash-object -t tree /dev/null [15ms]
2025-11-15 11:55:17.569 [warning] [GitFileSystemProvider][readFile] File not found - git:/home/nkkkta/Documents/codebase/public_html/codeigniter-test/assets/css/style.css.git?%7B%22path%22%3A%22%2Fhome%2Fnkkkta%2FDocuments%2Fcodebase%2Fpublic_html%2Fcodeigniter-test%2Fassets%2Fcss%2Fstyle.css%22%2C%22ref%22%3A%22%22%7D
2025-11-15 11:55:17.576 [info] > git hash-object -t tree /dev/null [8ms]
2025-11-15 11:55:17.576 [warning] [GitFileSystemProvider][stat] File not found - git:/home/nkkkta/Documents/codebase/public_html/codeigniter-test/assets/css/style.css.git?%7B%22path%22%3A%22%2Fhome%2Fnkkkta%2FDocuments%2Fcodebase%2Fpublic_html%2Fcodeigniter-test%2Fassets%2Fcss%2Fstyle.css%22%2C%22ref%22%3A%22%22%7D
2025-11-15 11:55:17.678 [info] > git check-ignore -v -z --stdin [3ms]
2025-11-15 11:55:18.282 [info] > git config --get commit.template [10ms]
2025-11-15 11:55:18.284 [info] > git for-each-ref --format=%(refname)%00%(upstream:short)%00%(objectname)%00%(upstream:track)%00%(upstream:remotename)%00%(upstream:remoteref) refs/heads/main refs/remotes/main [3ms]
2025-11-15 11:55:18.303 [info] > git for-each-ref --sort -committerdate --format %(refname)%00%(objectname)%00%(*objectname) [2ms]
2025-11-15 11:55:18.311 [info] > git status -z -uall [17ms]
2025-11-15 11:55:24.500 [info] > git show --textconv :assets/css/scss/style.scss [12ms]
2025-11-15 11:55:24.501 [warning] [GitFileSystemProvider][readFile] File not found - git:/home/nkkkta/Documents/codebase/public_html/codeigniter-test/assets/css/scss/style.scss.git?%7B%22path%22%3A%22%2Fhome%2Fnkkkta%2FDocuments%2Fcodebase%2Fpublic_html%2Fcodeigniter-test%2Fassets%2Fcss%2Fscss%2Fstyle.scss%22%2C%22ref%22%3A%22%22%7D
2025-11-15 11:55:24.502 [info] > git ls-files --stage -- assets/css/scss/style.scss [3ms]
2025-11-15 11:55:24.502 [warning] [GitFileSystemProvider][stat] File not found - git:/home/nkkkta/Documents/codebase/public_html/codeigniter-test/assets/css/scss/style.scss.git?%7B%22path%22%3A%22%2Fhome%2Fnkkkta%2FDocuments%2Fcodebase%2Fpublic_html%2Fcodeigniter-test%2Fassets%2Fcss%2Fscss%2Fstyle.scss%22%2C%22ref%22%3A%22%22%7D
2025-11-15 11:55:24.759 [info] > git check-ignore -v -z --stdin [24ms]
2025-11-15 11:55:25.354 [info] > git config --get commit.template [14ms]
2025-11-15 11:55:25.357 [info] > git for-each-ref --format=%(refname)%00%(upstream:short)%00%(objectname)%00%(upstream:track)%00%(upstream:remotename)%00%(upstream:remoteref) refs/heads/main refs/remotes/main [5ms]
2025-11-15 11:55:25.379 [info] > git for-each-ref --sort -committerdate --format %(refname)%00%(objectname)%00%(*objectname) [3ms]
2025-11-15 11:55:25.384 [info] > git status -z -uall [18ms]
2025-11-15 11:56:24.775 [info] > git show --textconv :index.php [16ms]
2025-11-15 11:56:24.775 [info] > git ls-files --stage -- index.php [3ms]
2025-11-15 11:56:24.787 [info] > git cat-file -s e15a6f0e566e468ed4c15dade612a258eb89145c [8ms]
2025-11-15 11:56:24.890 [info] > git blame --root --incremental 477c08709da1fb2cbd3684a9fc515957da6400ba -- index.php [3ms]
2025-11-15 11:56:39.643 [info] > git config --get commit.template [28ms]
2025-11-15 11:56:39.651 [info] > git for-each-ref --format=%(refname)%00%(upstream:short)%00%(objectname)%00%(upstream:track)%00%(upstream:remotename)%00%(upstream:remoteref) refs/heads/main refs/remotes/main [11ms]
2025-11-15 11:56:39.683 [info] > git for-each-ref --sort -committerdate --format %(refname)%00%(objectname)%00%(*objectname) [4ms]
2025-11-15 11:56:39.689 [info] > git status -z -uall [23ms]
2025-11-15 11:56:47.682 [info] > git check-ignore -v -z --stdin [12ms]
2025-11-15 11:56:48.145 [info] > git config --get commit.template [6ms]
2025-11-15 11:56:48.166 [info] > git for-each-ref --format=%(refname)%00%(upstream:short)%00%(objectname)%00%(upstream:track)%00%(upstream:remotename)%00%(upstream:remoteref) refs/heads/main refs/remotes/main [8ms]
2025-11-15 11:56:48.184 [info] > git for-each-ref --sort -committerdate --format %(refname)%00%(objectname)%00%(*objectname) [0ms]
2025-11-15 11:56:48.195 [info] > git status -z -uall [21ms]
2025-11-15 11:57:03.872 [info] > git config --get commit.template [27ms]
2025-11-15 11:57:03.878 [info] > git for-each-ref --format=%(refname)%00%(upstream:short)%00%(objectname)%00%(upstream:track)%00%(upstream:remotename)%00%(upstream:remoteref) refs/heads/main refs/remotes/main [10ms]
2025-11-15 11:57:03.948 [info] > git for-each-ref --sort -committerdate --format %(refname)%00%(objectname)%00%(*objectname) [14ms]
2025-11-15 11:57:03.953 [info] > git status -z -uall [50ms]
2025-11-15 11:57:10.002 [info] > git check-ignore -v -z --stdin [6ms]
2025-11-15 11:57:10.534 [info] > git config --get commit.template [15ms]
2025-11-15 11:57:10.538 [info] > git for-each-ref --format=%(refname)%00%(upstream:short)%00%(objectname)%00%(upstream:track)%00%(upstream:remotename)%00%(upstream:remoteref) refs/heads/main refs/remotes/main [6ms]
2025-11-15 11:57:10.562 [info] > git for-each-ref --sort -committerdate --format %(refname)%00%(objectname)%00%(*objectname) [5ms]
2025-11-15 11:57:10.571 [info] > git status -z -uall [23ms]
2025-11-15 11:57:27.815 [info] > git log --format=%H%n%aN%n%aE%n%at%n%ct%n%P%n%D%n%B -z --shortstat --diff-merges=first-parent -n50 --skip=0 --topo-order --decorate=full --stdin [363ms]
2025-11-15 11:57:28.205 [info] > git check-ignore -v -z --stdin [7ms]
2025-11-15 11:58:29.996 [info] > git check-ignore -v -z --stdin [7ms]
2025-11-15 11:58:33.497 [info] > git check-ignore -v -z --stdin [10ms]
2025-11-15 11:58:48.718 [info] > git config --get commit.template [9ms]
2025-11-15 11:58:48.791 [info] > git for-each-ref --format=%(refname)%00%(upstream:short)%00%(objectname)%00%(upstream:track)%00%(upstream:remotename)%00%(upstream:remoteref) refs/heads/main refs/remotes/main [7ms]
2025-11-15 11:58:48.811 [info] > git for-each-ref --sort -committerdate --format %(refname)%00%(objectname)%00%(*objectname) [2ms]
2025-11-15 11:58:48.818 [info] > git status -z -uall [17ms]
2025-11-15 11:58:57.686 [info] > git config --get commit.template [41ms]
2025-11-15 11:58:57.689 [info] > git for-each-ref --format=%(refname)%00%(upstream:short)%00%(objectname)%00%(upstream:track)%00%(upstream:remotename)%00%(upstream:remoteref) refs/heads/main refs/remotes/main [5ms]
2025-11-15 11:58:57.715 [info] > git for-each-ref --sort -committerdate --format %(refname)%00%(objectname)%00%(*objectname) [3ms]
2025-11-15 11:58:57.722 [info] > git status -z -uall [20ms]
2025-11-15 11:59:02.781 [info] > git config --get commit.template [14ms]
2025-11-15 11:59:02.819 [info] > git for-each-ref --format=%(refname)%00%(upstream:short)%00%(objectname)%00%(upstream:track)%00%(upstream:remotename)%00%(upstream:remoteref) refs/heads/main refs/remotes/main [13ms]
2025-11-15 11:59:02.868 [info] > git for-each-ref --sort -committerdate --format %(refname)%00%(objectname)%00%(*objectname) [5ms]
2025-11-15 11:59:02.879 [info] > git status -z -uall [30ms]
2025-11-15 11:59:07.970 [info] > git config --get commit.template [37ms]
2025-11-15 11:59:07.976 [info] > git for-each-ref --format=%(refname)%00%(upstream:short)%00%(objectname)%00%(upstream:track)%00%(upstream:remotename)%00%(upstream:remoteref) refs/heads/main refs/remotes/main [14ms]
2025-11-15 11:59:08.039 [info] > git for-each-ref --sort -committerdate --format %(refname)%00%(objectname)%00%(*objectname) [9ms]
2025-11-15 11:59:08.060 [info] > git status -z -uall [64ms]
2025-11-15 11:59:13.100 [info] > git config --get commit.template [6ms]
2025-11-15 11:59:13.101 [info] > git for-each-ref --format=%(refname)%00%(upstream:short)%00%(objectname)%00%(upstream:track)%00%(upstream:remotename)%00%(upstream:remoteref) refs/heads/main refs/remotes/main [2ms]
2025-11-15 11:59:13.116 [info] > git for-each-ref --sort -committerdate --format %(refname)%00%(objectname)%00%(*objectname) [2ms]
2025-11-15 11:59:13.124 [info] > git status -z -uall [16ms]
2025-11-15 11:59:18.215 [info] > git config --get commit.template [28ms]
2025-11-15 11:59:18.218 [info] > git for-each-ref --format=%(refname)%00%(upstream:short)%00%(objectname)%00%(upstream:track)%00%(upstream:remotename)%00%(upstream:remoteref) refs/heads/main refs/remotes/main [5ms]
2025-11-15 11:59:18.239 [info] > git for-each-ref --sort -committerdate --format %(refname)%00%(objectname)%00%(*objectname) [3ms]
2025-11-15 11:59:18.246 [info] > git status -z -uall [17ms]
2025-11-15 11:59:23.313 [info] > git config --get commit.template [17ms]
2025-11-15 11:59:23.316 [info] > git for-each-ref --format=%(refname)%00%(upstream:short)%00%(objectname)%00%(upstream:track)%00%(upstream:remotename)%00%(upstream:remoteref) refs/heads/main refs/remotes/main [5ms]
2025-11-15 11:59:23.335 [info] > git for-each-ref --sort -committerdate --format %(refname)%00%(objectname)%00%(*objectname) [3ms]
2025-11-15 11:59:23.342 [info] > git status -z -uall [18ms]
2025-11-15 11:59:35.130 [info] > git config --get commit.template [30ms]
2025-11-15 11:59:35.135 [info] > git for-each-ref --format=%(refname)%00%(upstream:short)%00%(objectname)%00%(upstream:track)%00%(upstream:remotename)%00%(upstream:remoteref) refs/heads/main refs/remotes/main [10ms]
2025-11-15 11:59:35.191 [info] > git for-each-ref --sort -committerdate --format %(refname)%00%(objectname)%00%(*objectname) [6ms]
2025-11-15 11:59:35.200 [info] > git status -z -uall [42ms]
2025-11-15 11:59:40.306 [info] > git config --get commit.template [38ms]
2025-11-15 11:59:40.309 [info] > git for-each-ref --format=%(refname)%00%(upstream:short)%00%(objectname)%00%(upstream:track)%00%(upstream:remotename)%00%(upstream:remoteref) refs/heads/main refs/remotes/main [15ms]
2025-11-15 11:59:40.337 [info] > git for-each-ref --sort -committerdate --format %(refname)%00%(objectname)%00%(*objectname) [4ms]
2025-11-15 11:59:40.347 [info] > git status -z -uall [27ms]
2025-11-15 11:59:45.421 [info] > git config --get commit.template [27ms]
2025-11-15 11:59:45.427 [info] > git for-each-ref --format=%(refname)%00%(upstream:short)%00%(objectname)%00%(upstream:track)%00%(upstream:remotename)%00%(upstream:remoteref) refs/heads/main refs/remotes/main [10ms]
2025-11-15 11:59:45.480 [info] > git for-each-ref --sort -committerdate --format %(refname)%00%(objectname)%00%(*objectname) [5ms]
2025-11-15 11:59:45.492 [info] > git status -z -uall [48ms]
2025-11-15 11:59:50.586 [info] > git config --get commit.template [29ms]
2025-11-15 11:59:50.593 [info] > git for-each-ref --format=%(refname)%00%(upstream:short)%00%(objectname)%00%(upstream:track)%00%(upstream:remotename)%00%(upstream:remoteref) refs/heads/main refs/remotes/main [11ms]
2025-11-15 11:59:50.651 [info] > git for-each-ref --sort -committerdate --format %(refname)%00%(objectname)%00%(*objectname) [8ms]
2025-11-15 11:59:50.663 [info] > git status -z -uall [46ms]
2025-11-15 11:59:59.676 [info] > git config --get commit.template [29ms]
2025-11-15 11:59:59.684 [info] > git for-each-ref --format=%(refname)%00%(upstream:short)%00%(objectname)%00%(upstream:track)%00%(upstream:remotename)%00%(upstream:remoteref) refs/heads/main refs/remotes/main [11ms]
2025-11-15 11:59:59.728 [info] > git for-each-ref --sort -committerdate --format %(refname)%00%(objectname)%00%(*objectname) [5ms]
2025-11-15 11:59:59.739 [info] > git status -z -uall [31ms]
2025-11-15 12:00:04.997 [info] > git config --get commit.template [18ms]
2025-11-15 12:00:05.002 [info] > git for-each-ref --format=%(refname)%00%(upstream:short)%00%(objectname)%00%(upstream:track)%00%(upstream:remotename)%00%(upstream:remoteref) refs/heads/main refs/remotes/main [8ms]
2025-11-15 12:00:05.029 [info] > git for-each-ref --sort -committerdate --format %(refname)%00%(objectname)%00%(*objectname) [4ms]
2025-11-15 12:00:05.044 [info] > git status -z -uall [31ms]
2025-11-15 12:00:10.110 [info] > git config --get commit.template [9ms]
2025-11-15 12:00:10.142 [info] > git for-each-ref --format=%(refname)%00%(upstream:short)%00%(objectname)%00%(upstream:track)%00%(upstream:remotename)%00%(upstream:remoteref) refs/heads/main refs/remotes/main [7ms]
2025-11-15 12:00:10.165 [info] > git for-each-ref --sort -committerdate --format %(refname)%00%(objectname)%00%(*objectname) [3ms]
2025-11-15 12:00:10.176 [info] > git status -z -uall [22ms]
2025-11-15 12:00:57.081 [info] > git check-ignore -v -z --stdin [11ms]
2025-11-15 12:01:18.744 [info] > git config --get commit.template [4ms]
2025-11-15 12:01:18.766 [info] > git for-each-ref --format=%(refname)%00%(upstream:short)%00%(objectname)%00%(upstream:track)%00%(upstream:remotename)%00%(upstream:remoteref) refs/heads/main refs/remotes/main [6ms]
2025-11-15 12:01:18.824 [info] > git for-each-ref --sort -committerdate --format %(refname)%00%(objectname)%00%(*objectname) [19ms]
2025-11-15 12:01:18.845 [info] > git status -z -uall [61ms]
2025-11-15 12:01:21.437 [info] > git show --textconv :package.json [16ms]
2025-11-15 12:01:21.437 [info] > git ls-files --stage -- package.json [5ms]
2025-11-15 12:01:21.437 [warning] [GitFileSystemProvider][stat] File not found - git:/home/nkkkta/Documents/codebase/public_html/codeigniter-test/package.json.git?%7B%22path%22%3A%22%2Fhome%2Fnkkkta%2FDocuments%2Fcodebase%2Fpublic_html%2Fcodeigniter-test%2Fpackage.json%22%2C%22ref%22%3A%22%22%7D
2025-11-15 12:01:21.438 [warning] [GitFileSystemProvider][readFile] File not found - git:/home/nkkkta/Documents/codebase/public_html/codeigniter-test/package.json.git?%7B%22path%22%3A%22%2Fhome%2Fnkkkta%2FDocuments%2Fcodebase%2Fpublic_html%2Fcodeigniter-test%2Fpackage.json%22%2C%22ref%22%3A%22%22%7D
2025-11-15 12:01:23.349 [info] > git blame --root --incremental 477c08709da1fb2cbd3684a9fc515957da6400ba -- package.json [7ms]
2025-11-15 12:01:23.349 [info] fatal: no such path package.json in 477c08709da1fb2cbd3684a9fc515957da6400ba
2025-11-15 12:01:23.952 [info] > git config --get commit.template [16ms]
2025-11-15 12:01:23.955 [info] > git for-each-ref --format=%(refname)%00%(upstream:short)%00%(objectname)%00%(upstream:track)%00%(upstream:remotename)%00%(upstream:remoteref) refs/heads/main refs/remotes/main [5ms]
2025-11-15 12:01:23.974 [info] > git for-each-ref --sort -committerdate --format %(refname)%00%(objectname)%00%(*objectname) [2ms]
2025-11-15 12:01:23.980 [info] > git status -z -uall [17ms]
2025-11-15 12:01:34.138 [info] > git config --get commit.template [13ms]
2025-11-15 12:01:34.179 [info] > git for-each-ref --format=%(refname)%00%(upstream:short)%00%(objectname)%00%(upstream:track)%00%(upstream:remotename)%00%(upstream:remoteref) refs/heads/main refs/remotes/main [11ms]
2025-11-15 12:01:34.245 [info] > git for-each-ref --sort -committerdate --format %(refname)%00%(objectname)%00%(*objectname) [17ms]
2025-11-15 12:01:34.255 [info] > git status -z -uall [52ms]
2025-11-15 12:01:39.319 [info] > git config --get commit.template [19ms]
2025-11-15 12:01:39.323 [info] > git for-each-ref --format=%(refname)%00%(upstream:short)%00%(objectname)%00%(upstream:track)%00%(upstream:remotename)%00%(upstream:remoteref) refs/heads/main refs/remotes/main [5ms]
2025-11-15 12:01:39.380 [info] > git for-each-ref --sort -committerdate --format %(refname)%00%(objectname)%00%(*objectname) [16ms]
2025-11-15 12:01:39.394 [info] > git status -z -uall [54ms]
2025-11-15 12:01:44.435 [info] > git config --get commit.template [5ms]
2025-11-15 12:01:44.437 [info] > git for-each-ref --format=%(refname)%00%(upstream:short)%00%(objectname)%00%(upstream:track)%00%(upstream:remotename)%00%(upstream:remoteref) refs/heads/main refs/remotes/main [2ms]
2025-11-15 12:01:44.448 [info] > git for-each-ref --sort -committerdate --format %(refname)%00%(objectname)%00%(*objectname) [2ms]
2025-11-15 12:01:44.453 [info] > git status -z -uall [12ms]
2025-11-15 12:02:00.019 [info] > git config --get commit.template [5ms]
2025-11-15 12:02:00.021 [info] > git for-each-ref --format=%(refname)%00%(upstream:short)%00%(objectname)%00%(upstream:track)%00%(upstream:remotename)%00%(upstream:remoteref) refs/heads/main refs/remotes/main [1ms]
2025-11-15 12:02:00.034 [info] > git for-each-ref --sort -committerdate --format %(refname)%00%(objectname)%00%(*objectname) [3ms]
2025-11-15 12:02:00.037 [info] > git status -z -uall [12ms]
2025-11-15 12:02:05.088 [info] > git config --get commit.template [10ms]
2025-11-15 12:02:05.091 [info] > git for-each-ref --format=%(refname)%00%(upstream:short)%00%(objectname)%00%(upstream:track)%00%(upstream:remotename)%00%(upstream:remoteref) refs/heads/main refs/remotes/main [5ms]
2025-11-15 12:02:05.109 [info] > git for-each-ref --sort -committerdate --format %(refname)%00%(objectname)%00%(*objectname) [3ms]
2025-11-15 12:02:05.117 [info] > git status -z -uall [19ms]
2025-11-15 12:02:10.167 [info] > git config --get commit.template [7ms]
2025-11-15 12:02:10.192 [info] > git for-each-ref --format=%(refname)%00%(upstream:short)%00%(objectname)%00%(upstream:track)%00%(upstream:remotename)%00%(upstream:remoteref) refs/heads/main refs/remotes/main [8ms]
2025-11-15 12:02:10.219 [info] > git for-each-ref --sort -committerdate --format %(refname)%00%(objectname)%00%(*objectname) [3ms]
2025-11-15 12:02:10.230 [info] > git status -z -uall [23ms]
2025-11-15 12:02:18.349 [info] > git config --get commit.template [15ms]
2025-11-15 12:02:18.411 [info] > git for-each-ref --format=%(refname)%00%(upstream:short)%00%(objectname)%00%(upstream:track)%00%(upstream:remotename)%00%(upstream:remoteref) refs/heads/main refs/remotes/main [16ms]
2025-11-15 12:02:18.441 [info] > git for-each-ref --sort -committerdate --format %(refname)%00%(objectname)%00%(*objectname) [4ms]
2025-11-15 12:02:18.449 [info] > git status -z -uall [23ms]
2025-11-15 12:02:23.486 [info] > git config --get commit.template [6ms]
2025-11-15 12:02:23.488 [info] > git for-each-ref --format=%(refname)%00%(upstream:short)%00%(objectname)%00%(upstream:track)%00%(upstream:remotename)%00%(upstream:remoteref) refs/heads/main refs/remotes/main [1ms]
2025-11-15 12:02:23.503 [info] > git for-each-ref --sort -committerdate --format %(refname)%00%(objectname)%00%(*objectname) [3ms]
2025-11-15 12:02:23.509 [info] > git status -z -uall [16ms]
2025-11-15 12:02:29.401 [info] > git config --get commit.template [12ms]
2025-11-15 12:02:29.404 [info] > git for-each-ref --format=%(refname)%00%(upstream:short)%00%(objectname)%00%(upstream:track)%00%(upstream:remotename)%00%(upstream:remoteref) refs/heads/main refs/remotes/main [4ms]
2025-11-15 12:02:29.425 [info] > git for-each-ref --sort -committerdate --format %(refname)%00%(objectname)%00%(*objectname) [5ms]
2025-11-15 12:02:29.432 [info] > git status -z -uall [20ms]
2025-11-15 12:02:34.460 [info] > git config --get commit.template [2ms]
2025-11-15 12:02:34.468 [info] > git for-each-ref --format=%(refname)%00%(upstream:short)%00%(objectname)%00%(upstream:track)%00%(upstream:remotename)%00%(upstream:remoteref) refs/heads/main refs/remotes/main [3ms]
2025-11-15 12:02:34.479 [info] > git for-each-ref --sort -committerdate --format %(refname)%00%(objectname)%00%(*objectname) [2ms]
2025-11-15 12:02:34.484 [info] > git status -z -uall [12ms]
2025-11-15 12:02:39.533 [info] > git config --get commit.template [11ms]
2025-11-15 12:02:39.536 [info] > git for-each-ref --format=%(refname)%00%(upstream:short)%00%(objectname)%00%(upstream:track)%00%(upstream:remotename)%00%(upstream:remoteref) refs/heads/main refs/remotes/main [5ms]
2025-11-15 12:02:39.556 [info] > git for-each-ref --sort -committerdate --format %(refname)%00%(objectname)%00%(*objectname) [3ms]
2025-11-15 12:02:39.563 [info] > git status -z -uall [19ms]
2025-11-15 12:02:44.623 [info] > git config --get commit.template [13ms]
2025-11-15 12:02:44.625 [info] > git for-each-ref --format=%(refname)%00%(upstream:short)%00%(objectname)%00%(upstream:track)%00%(upstream:remotename)%00%(upstream:remoteref) refs/heads/main refs/remotes/main [3ms]
2025-11-15 12:02:44.643 [info] > git for-each-ref --sort -committerdate --format %(refname)%00%(objectname)%00%(*objectname) [3ms]
2025-11-15 12:02:44.649 [info] > git status -z -uall [17ms]
2025-11-15 12:02:49.727 [info] > git config --get commit.template [28ms]
2025-11-15 12:02:49.735 [info] > git for-each-ref --format=%(refname)%00%(upstream:short)%00%(objectname)%00%(upstream:track)%00%(upstream:remotename)%00%(upstream:remoteref) refs/heads/main refs/remotes/main [12ms]
2025-11-15 12:02:49.791 [info] > git for-each-ref --sort -committerdate --format %(refname)%00%(objectname)%00%(*objectname) [3ms]
2025-11-15 12:02:49.802 [info] > git status -z -uall [39ms]
2025-11-15 12:02:54.885 [info] > git config --get commit.template [26ms]
2025-11-15 12:02:54.888 [info] > git for-each-ref --format=%(refname)%00%(upstream:short)%00%(objectname)%00%(upstream:track)%00%(upstream:remotename)%00%(upstream:remoteref) refs/heads/main refs/remotes/main [6ms]
2025-11-15 12:02:54.910 [info] > git for-each-ref --sort -committerdate --format %(refname)%00%(objectname)%00%(*objectname) [3ms]
2025-11-15 12:02:54.917 [info] > git status -z -uall [19ms]
2025-11-15 12:03:04.818 [info] > git config --get commit.template [10ms]
2025-11-15 12:03:04.820 [info] > git for-each-ref --format=%(refname)%00%(upstream:short)%00%(objectname)%00%(upstream:track)%00%(upstream:remotename)%00%(upstream:remoteref) refs/heads/main refs/remotes/main [3ms]
2025-11-15 12:03:04.837 [info] > git for-each-ref --sort -committerdate --format %(refname)%00%(objectname)%00%(*objectname) [2ms]
2025-11-15 12:03:04.842 [info] > git status -z -uall [16ms]
2025-11-15 12:03:09.910 [info] > git config --get commit.template [9ms]
2025-11-15 12:03:09.926 [info] > git for-each-ref --format=%(refname)%00%(upstream:short)%00%(objectname)%00%(upstream:track)%00%(upstream:remotename)%00%(upstream:remoteref) refs/heads/main refs/remotes/main [5ms]
2025-11-15 12:03:09.946 [info] > git for-each-ref --sort -committerdate --format %(refname)%00%(objectname)%00%(*objectname) [3ms]
2025-11-15 12:03:09.952 [info] > git status -z -uall [18ms]
2025-11-15 12:03:15.006 [info] > git config --get commit.template [10ms]
2025-11-15 12:03:15.007 [info] > git for-each-ref --format=%(refname)%00%(upstream:short)%00%(objectname)%00%(upstream:track)%00%(upstream:remotename)%00%(upstream:remoteref) refs/heads/main refs/remotes/main [2ms]
2025-11-15 12:03:15.024 [info] > git for-each-ref --sort -committerdate --format %(refname)%00%(objectname)%00%(*objectname) [2ms]
2025-11-15 12:03:15.032 [info] > git status -z -uall [18ms]
2025-11-15 12:03:42.397 [info] > git config --get commit.template [16ms]
2025-11-15 12:03:42.400 [info] > git for-each-ref --format=%(refname)%00%(upstream:short)%00%(objectname)%00%(upstream:track)%00%(upstream:remotename)%00%(upstream:remoteref) refs/heads/main refs/remotes/main [5ms]
2025-11-15 12:03:42.431 [info] > git for-each-ref --sort -committerdate --format %(refname)%00%(objectname)%00%(*objectname) [5ms]
2025-11-15 12:03:42.452 [info] > git status -z -uall [37ms]
2025-11-15 12:04:21.526 [info] > git show --textconv :setup.sh [15ms]
2025-11-15 12:04:21.528 [info] > git ls-files --stage -- setup.sh [5ms]
2025-11-15 12:04:21.536 [info] > git cat-file -s a8341a634f73647fc73b65f1afc3bb47d31e83de [2ms]
2025-11-15 12:04:22.363 [info] > git blame --root --incremental 477c08709da1fb2cbd3684a9fc515957da6400ba -- setup.sh [5ms]
2025-11-15 12:04:28.604 [info] > git config --get commit.template [13ms]
2025-11-15 12:04:28.608 [info] > git for-each-ref --format=%(refname)%00%(upstream:short)%00%(objectname)%00%(upstream:track)%00%(upstream:remotename)%00%(upstream:remoteref) refs/heads/main refs/remotes/main [6ms]
2025-11-15 12:04:28.626 [info] > git for-each-ref --sort -committerdate --format %(refname)%00%(objectname)%00%(*objectname) [3ms]
2025-11-15 12:04:28.633 [info] > git status -z -uall [19ms]
2025-11-15 12:04:29.887 [info] > git show --textconv :package.json [19ms]
2025-11-15 12:04:29.890 [warning] [GitFileSystemProvider][readFile] File not found - git:/home/nkkkta/Documents/codebase/public_html/codeigniter-test/package.json.git?%7B%22path%22%3A%22%2Fhome%2Fnkkkta%2FDocuments%2Fcodebase%2Fpublic_html%2Fcodeigniter-test%2Fpackage.json%22%2C%22ref%22%3A%22%22%7D
2025-11-15 12:04:29.898 [info] > git ls-files --stage -- package.json [11ms]
2025-11-15 12:04:29.899 [warning] [GitFileSystemProvider][stat] File not found - git:/home/nkkkta/Documents/codebase/public_html/codeigniter-test/package.json.git?%7B%22path%22%3A%22%2Fhome%2Fnkkkta%2FDocuments%2Fcodebase%2Fpublic_html%2Fcodeigniter-test%2Fpackage.json%22%2C%22ref%22%3A%22%22%7D
2025-11-15 12:04:38.378 [info] > git show --textconv :setup.sh [10ms]
2025-11-15 12:04:38.380 [info] > git ls-files --stage -- setup.sh [3ms]
2025-11-15 12:04:38.389 [info] > git cat-file -s a8341a634f73647fc73b65f1afc3bb47d31e83de [4ms]
2025-11-15 12:04:42.581 [info] > git config --get commit.template [33ms]
2025-11-15 12:04:42.587 [info] > git for-each-ref --format=%(refname)%00%(upstream:short)%00%(objectname)%00%(upstream:track)%00%(upstream:remotename)%00%(upstream:remoteref) refs/heads/main refs/remotes/main [10ms]
2025-11-15 12:04:42.654 [info] > git for-each-ref --sort -committerdate --format %(refname)%00%(objectname)%00%(*objectname) [5ms]
2025-11-15 12:04:42.667 [info] > git status -z -uall [56ms]
2025-11-15 12:05:04.794 [info] > git check-ignore -v -z --stdin [51ms]
2025-11-15 12:05:05.448 [info] > git check-ignore -v -z --stdin [13ms]
2025-11-15 12:05:21.875 [info] > git for-each-ref --format=%(refname)%00%(upstream:short)%00%(objectname)%00%(upstream:track)%00%(upstream:remotename)%00%(upstream:remoteref) refs/heads/main refs/remotes/main [2ms]
2025-11-15 12:05:21.877 [info] > git config --get commit.template [16ms]
2025-11-15 12:05:21.912 [info] > git for-each-ref --sort -committerdate --format %(refname)%00%(objectname)%00%(*objectname) [3ms]
2025-11-15 12:05:21.922 [info] > git status -z -uall [33ms]
2025-11-15 12:05:33.545 [info] > git check-ignore -v -z --stdin [14ms]
2025-11-15 12:05:48.432 [info] > git config --get commit.template [4ms]
2025-11-15 12:05:48.464 [info] > git for-each-ref --format=%(refname)%00%(upstream:short)%00%(objectname)%00%(upstream:track)%00%(upstream:remotename)%00%(upstream:remoteref) refs/heads/main refs/remotes/main [3ms]
2025-11-15 12:05:48.499 [info] > git for-each-ref --sort -committerdate --format %(refname)%00%(objectname)%00%(*objectname) [7ms]
2025-11-15 12:05:48.523 [info] > git status -z -uall [47ms]
2025-11-15 12:05:58.382 [info] > git config --get commit.template [12ms]
2025-11-15 12:05:58.402 [info] > git for-each-ref --format=%(refname)%00%(upstream:short)%00%(objectname)%00%(upstream:track)%00%(upstream:remotename)%00%(upstream:remoteref) refs/heads/main refs/remotes/main [6ms]
2025-11-15 12:05:58.441 [info] > git for-each-ref --sort -committerdate --format %(refname)%00%(objectname)%00%(*objectname) [7ms]
2025-11-15 12:05:58.466 [info] > git status -z -uall [43ms]
2025-11-15 12:06:50.534 [info] > git config --get commit.template [16ms]
2025-11-15 12:06:50.539 [info] > git for-each-ref --format=%(refname)%00%(upstream:short)%00%(objectname)%00%(upstream:track)%00%(upstream:remotename)%00%(upstream:remoteref) refs/heads/main refs/remotes/main [6ms]
2025-11-15 12:06:50.591 [info] > git for-each-ref --sort -committerdate --format %(refname)%00%(objectname)%00%(*objectname) [6ms]
2025-11-15 12:06:50.612 [info] > git status -z -uall [45ms]
2025-11-15 12:07:00.651 [info] > git config --get commit.template [17ms]
2025-11-15 12:07:00.653 [info] > git for-each-ref --format=%(refname)%00%(upstream:short)%00%(objectname)%00%(upstream:track)%00%(upstream:remotename)%00%(upstream:remoteref) refs/heads/main refs/remotes/main [5ms]
2025-11-15 12:07:00.682 [info] > git for-each-ref --sort -committerdate --format %(refname)%00%(objectname)%00%(*objectname) [7ms]
2025-11-15 12:07:00.697 [info] > git status -z -uall [35ms]
2025-11-15 12:08:03.111 [info] > git config --get commit.template [26ms]
2025-11-15 12:08:03.114 [info] > git for-each-ref --format=%(refname)%00%(upstream:short)%00%(objectname)%00%(upstream:track)%00%(upstream:remotename)%00%(upstream:remoteref) refs/heads/main refs/remotes/main [3ms]
2025-11-15 12:08:03.152 [info] > git for-each-ref --sort -committerdate --format %(refname)%00%(objectname)%00%(*objectname) [8ms]
2025-11-15 12:08:03.167 [info] > git status -z -uall [38ms]
2025-11-15 12:08:08.249 [info] > git config --get commit.template [7ms]
2025-11-15 12:08:08.263 [info] > git for-each-ref --format=%(refname)%00%(upstream:short)%00%(objectname)%00%(upstream:track)%00%(upstream:remotename)%00%(upstream:remoteref) refs/heads/main refs/remotes/main [3ms]
2025-11-15 12:08:08.286 [info] > git for-each-ref --sort -committerdate --format %(refname)%00%(objectname)%00%(*objectname) [4ms]
2025-11-15 12:08:08.293 [info] > git status -z -uall [22ms]
2025-11-15 12:08:13.380 [info] > git config --get commit.template [31ms]
2025-11-15 12:08:13.384 [info] > git for-each-ref --format=%(refname)%00%(upstream:short)%00%(objectname)%00%(upstream:track)%00%(upstream:remotename)%00%(upstream:remoteref) refs/heads/main refs/remotes/main [7ms]
2025-11-15 12:08:13.426 [info] > git for-each-ref --sort -committerdate --format %(refname)%00%(objectname)%00%(*objectname) [7ms]
2025-11-15 12:08:13.436 [info] > git status -z -uall [36ms]
2025-11-15 12:08:18.538 [info] > git config --get commit.template [39ms]
2025-11-15 12:08:18.543 [info] > git for-each-ref --format=%(refname)%00%(upstream:short)%00%(objectname)%00%(upstream:track)%00%(upstream:remotename)%00%(upstream:remoteref) refs/heads/main refs/remotes/main [8ms]
2025-11-15 12:08:18.569 [info] > git for-each-ref --sort -committerdate --format %(refname)%00%(objectname)%00%(*objectname) [2ms]
2025-11-15 12:08:18.576 [info] > git status -z -uall [21ms]
2025-11-15 12:08:37.319 [info] > git show --textconv :package.json [7ms]
2025-11-15 12:08:37.320 [warning] [GitFileSystemProvider][readFile] File not found - git:/home/nkkkta/Documents/codebase/public_html/codeigniter-test/package.json.git?%7B%22path%22%3A%22%2Fhome%2Fnkkkta%2FDocuments%2Fcodebase%2Fpublic_html%2Fcodeigniter-test%2Fpackage.json%22%2C%22ref%22%3A%22%22%7D
2025-11-15 12:08:37.323 [info] > git ls-files --stage -- package.json [5ms]
2025-11-15 12:08:37.324 [warning] [GitFileSystemProvider][stat] File not found - git:/home/nkkkta/Documents/codebase/public_html/codeigniter-test/package.json.git?%7B%22path%22%3A%22%2Fhome%2Fnkkkta%2FDocuments%2Fcodebase%2Fpublic_html%2Fcodeigniter-test%2Fpackage.json%22%2C%22ref%22%3A%22%22%7D
2025-11-15 12:08:47.823 [info] > git show --textconv :README.md [29ms]
2025-11-15 12:08:47.828 [info] > git ls-files --stage -- README.md [10ms]
2025-11-15 12:08:47.840 [info] > git cat-file -s e69de29bb2d1d6434b8b29ae775ad8c2e48c5391 [3ms]
2025-11-15 12:08:48.516 [info] > git show --textconv :readme.rst [12ms]
2025-11-15 12:08:48.517 [info] > git ls-files --stage -- readme.rst [3ms]
2025-11-15 12:08:48.525 [info] > git cat-file -s 63a55c3f46ef7b9589ead511c3a3f2cde0196fb7 [3ms]
2025-11-15 12:08:48.548 [info] > git blame --root --incremental 477c08709da1fb2cbd3684a9fc515957da6400ba -- readme.rst [3ms]
2025-11-15 12:08:49.858 [info] > git show --textconv :setup.sh [15ms]
2025-11-15 12:08:49.864 [info] > git ls-files --stage -- setup.sh [8ms]
2025-11-15 12:08:49.878 [info] > git cat-file -s a8341a634f73647fc73b65f1afc3bb47d31e83de [6ms]
2025-11-15 12:12:43.091 [info] > git show --textconv :setup.sh [27ms]
2025-11-15 12:12:43.102 [info] > git ls-files --stage -- setup.sh [11ms]
2025-11-15 12:12:43.122 [info] > git cat-file -s a8341a634f73647fc73b65f1afc3bb47d31e83de [6ms]
2025-11-15 12:12:45.595 [info] > git show --textconv :readme.rst [16ms]
2025-11-15 12:12:45.596 [info] > git ls-files --stage -- readme.rst [4ms]
2025-11-15 12:12:45.603 [info] > git cat-file -s 63a55c3f46ef7b9589ead511c3a3f2cde0196fb7 [2ms]
2025-11-15 12:12:46.570 [info] > git show --textconv :README.md [13ms]
2025-11-15 12:12:46.573 [info] > git ls-files --stage -- README.md [3ms]
2025-11-15 12:12:46.584 [info] > git cat-file -s e69de29bb2d1d6434b8b29ae775ad8c2e48c5391 [3ms]
2025-11-15 12:12:47.696 [info] > git show --textconv :package.json [20ms]
2025-11-15 12:12:47.697 [warning] [GitFileSystemProvider][readFile] File not found - git:/home/nkkkta/Documents/codebase/public_html/codeigniter-test/package.json.git?%7B%22path%22%3A%22%2Fhome%2Fnkkkta%2FDocuments%2Fcodebase%2Fpublic_html%2Fcodeigniter-test%2Fpackage.json%22%2C%22ref%22%3A%22%22%7D
2025-11-15 12:12:47.699 [info] > git ls-files --stage -- package.json [4ms]
2025-11-15 12:12:47.699 [warning] [GitFileSystemProvider][stat] File not found - git:/home/nkkkta/Documents/codebase/public_html/codeigniter-test/package.json.git?%7B%22path%22%3A%22%2Fhome%2Fnkkkta%2FDocuments%2Fcodebase%2Fpublic_html%2Fcodeigniter-test%2Fpackage.json%22%2C%22ref%22%3A%22%22%7D
2025-11-15 12:13:00.690 [info] > git show --textconv :package-lock.json [8ms]
2025-11-15 12:13:00.690 [warning] [GitFileSystemProvider][readFile] File not found - git:/home/nkkkta/Documents/codebase/public_html/codeigniter-test/package-lock.json.git?%7B%22path%22%3A%22%2Fhome%2Fnkkkta%2FDocuments%2Fcodebase%2Fpublic_html%2Fcodeigniter-test%2Fpackage-lock.json%22%2C%22ref%22%3A%22%22%7D
2025-11-15 12:13:00.694 [info] > git ls-files --stage -- package-lock.json [5ms]
2025-11-15 12:13:00.695 [warning] [GitFileSystemProvider][stat] File not found - git:/home/nkkkta/Documents/codebase/public_html/codeigniter-test/package-lock.json.git?%7B%22path%22%3A%22%2Fhome%2Fnkkkta%2FDocuments%2Fcodebase%2Fpublic_html%2Fcodeigniter-test%2Fpackage-lock.json%22%2C%22ref%22%3A%22%22%7D
2025-11-15 12:14:00.591 [info] > git check-ignore -v -z --stdin [15ms]
2025-11-15 12:14:04.429 [info] > git check-ignore -v -z --stdin [15ms]
2025-11-15 12:16:24.142 [info] > git check-ignore -v -z --stdin [4ms]
2025-11-15 12:16:24.677 [info] > git show --textconv :nginx/nginx.conf [54ms]
2025-11-15 12:16:24.678 [warning] [GitFileSystemProvider][readFile] File not found - git:/home/nkkkta/Documents/codebase/public_html/codeigniter-test/nginx/nginx.conf.git?%7B%22path%22%3A%22%2Fhome%2Fnkkkta%2FDocuments%2Fcodebase%2Fpublic_html%2Fcodeigniter-test%2Fnginx%2Fnginx.conf%22%2C%22ref%22%3A%22%22%7D
2025-11-15 12:16:24.683 [info] > git ls-files --stage -- nginx/nginx.conf [17ms]
2025-11-15 12:16:24.683 [warning] [GitFileSystemProvider][stat] File not found - git:/home/nkkkta/Documents/codebase/public_html/codeigniter-test/nginx/nginx.conf.git?%7B%22path%22%3A%22%2Fhome%2Fnkkkta%2FDocuments%2Fcodebase%2Fpublic_html%2Fcodeigniter-test%2Fnginx%2Fnginx.conf%22%2C%22ref%22%3A%22%22%7D
2025-11-15 12:16:25.145 [info] > git blame --root --incremental 477c08709da1fb2cbd3684a9fc515957da6400ba -- nginx/nginx.conf [9ms]
2025-11-15 12:16:25.145 [info] fatal: no such path nginx/nginx.conf in 477c08709da1fb2cbd3684a9fc515957da6400ba
